2021/01/02 13:14:16 logger.go:28: LogFile : logs\info.log
2021/01/02 13:14:16 database.go:19: Intializing DB
2021/01/02 13:14:16 database.go:58: Loading Tables
2021/01/02 13:14:16 database.go:69:  Table is beign created for database.Notification
2021/01/02 13:14:16 database.go:69:  Table is beign created for database.Event
2021/01/02 13:14:16 database.go:69:  Table is beign created for database.EventImages
2021/01/02 13:14:16 database.go:69:  Table is beign created for database.Student
2021/01/02 13:14:16 database.go:69:  Table is beign created for database.User
2021/01/02 13:14:16 database.go:69:  Table is beign created for database.Marks
2021/01/02 13:14:16 database.go:69:  Table is beign created for database.Calendar
2021/01/02 13:14:58 main.go:22: localhost:8000 - GET - /api/v1/events?module=events - [::1]:59941
2021/01/02 13:14:58 main.go:22: localhost:8000 - GET - /api/v1/events?module=achievements - [::1]:59941
2021/01/02 13:14:58 main.go:22: localhost:8000 - GET - /api/v1/notifications?module=videos - [::1]:59941
2021/01/02 13:14:58 main.go:22: localhost:8000 - GET - /api/v1/notifications?module=banner - [::1]:59941
2021/01/02 13:14:58 main.go:22: localhost:8000 - GET - /api/v1/notifications?module=notification - [::1]:59941
2021/01/02 13:14:59 main.go:22: localhost:8000 - GET - /api/v1/events?module=principal - [::1]:59941
2021/01/02 13:14:59 main.go:22: localhost:8000 - GET - /api/v1/students?module=12 - [::1]:59941
2021/01/02 13:14:59 main.go:22: localhost:8000 - GET - /api/v1/students?module=10 - [::1]:59941
2021/01/02 13:15:18 main.go:22: localhost:8000 - GET - /api/v1/events?module=events - [::1]:59941
2021/01/02 13:15:23 main.go:22: localhost:8000 - GET - /api/v1/events?module=achievements - [::1]:59941
2021/01/02 13:15:32 main.go:22: localhost:8000 - GET - /api/v1/calendar - [::1]:59941
2021/01/02 13:15:50 loginhandler.go:64: Session Establisted for User :
2021/01/02 13:15:50 loginhandler.go:65: 1
2021/01/02 13:15:50 main.go:22: localhost:8000 - GET - /api/v1/notifications?module=notification - [::1]:59941
2021/01/02 13:15:50 main.go:22: localhost:8000 - GET - /api/v1/notifications?module=banner - [::1]:59941
2021/01/02 13:15:50 main.go:22: localhost:8000 - GET - /api/v1/health - [::1]:59941
2021/01/02 13:15:55 main.go:22: localhost:8000 - GET - /api/v1/events?module=events - [::1]:59941
2021/01/02 13:15:58 main.go:22: localhost:8000 - DELETE - /api/v1/events/5 - [::1]:59941
2021/01/02 13:15:58 main.go:22: localhost:8000 - GET - /api/v1/events?module=events - [::1]:59941
2021/01/02 13:16:04 main.go:22: localhost:8000 - GET - /api/v1/events?module=events - [::1]:59941
2021/01/02 13:16:07 main.go:22: localhost:8000 - GET - /api/v1/events?module=achievements - [::1]:59941
2021/01/02 13:16:09 main.go:22: localhost:8000 - GET - /api/v1/calendar - [::1]:59941
2021/01/02 13:16:12 main.go:22: localhost:8000 - GET - /api/v1/students?module=12 - [::1]:59941
2021/01/02 13:16:12 main.go:22: localhost:8000 - GET - /api/v1/students?module=10 - [::1]:59941
2021/01/02 13:17:20 main.go:22: localhost:8000 - DELETE - /api/v1/students/1/marks/1 - [::1]:60091
2021/01/02 13:17:21 main.go:22: localhost:8000 - GET - /api/v1/students?module=12 - [::1]:60091
2021/01/02 13:17:21 main.go:22: localhost:8000 - GET - /api/v1/students?module=10 - [::1]:60091
2021/01/02 13:17:23 main.go:22: localhost:8000 - DELETE - /api/v1/students/1/marks/3 - [::1]:60091
2021/01/02 13:17:23 main.go:22: localhost:8000 - GET - /api/v1/students?module=12 - [::1]:60091
2021/01/02 13:17:23 main.go:22: localhost:8000 - GET - /api/v1/students?module=10 - [::1]:60091
2021/01/02 13:17:26 main.go:22: localhost:8000 - DELETE - /api/v1/students/1/marks/4 - [::1]:60091
2021/01/02 13:17:26 main.go:22: localhost:8000 - GET - /api/v1/students?module=12 - [::1]:60091
2021/01/02 13:17:26 main.go:22: localhost:8000 - GET - /api/v1/students?module=10 - [::1]:60091
2021/01/02 13:18:24 main.go:22: localhost:8000 - GET - /api/v1/notifications?module=notification - [::1]:60105
2021/01/02 13:18:24 main.go:22: localhost:8000 - GET - /api/v1/notifications?module=banner - [::1]:60105
2021/01/02 13:18:24 main.go:22: localhost:8000 - GET - /api/v1/health - [::1]:60105
2021/01/02 13:18:28 main.go:22: localhost:8000 - GET - /api/v1/students?module=12 - [::1]:60105
2021/01/02 13:18:28 main.go:22: localhost:8000 - GET - /api/v1/students?module=10 - [::1]:60105
2021/01/02 13:18:38 main.go:22: localhost:8000 - DELETE - /api/v1/students/1 - [::1]:60105
2021/01/02 13:18:38 main.go:22: localhost:8000 - GET - /api/v1/students?module=12 - [::1]:60105
2021/01/02 13:18:38 main.go:22: localhost:8000 - GET - /api/v1/students?module=10 - [::1]:60105
2021/01/02 13:18:42 main.go:22: localhost:8000 - GET - /api/v1/notifications?module=notification - [::1]:60105
2021/01/02 13:18:42 main.go:22: localhost:8000 - GET - /api/v1/notifications?module=banner - [::1]:60105
2021/01/02 13:18:42 main.go:22: localhost:8000 - GET - /api/v1/health - [::1]:60105
2021/01/02 13:18:48 main.go:22: localhost:8000 - DELETE - /api/v1/notifications/2 - [::1]:60105
2021/01/02 13:18:48 main.go:22: localhost:8000 - GET - /api/v1/notifications?module=notification - [::1]:60105
2021/01/02 13:19:01 main.go:22: localhost:8000 - GET - /api/v1/events?module=events - [::1]:60105
2021/01/02 13:19:02 main.go:22: localhost:8000 - GET - /api/v1/notifications?module=notification - [::1]:60105
2021/01/02 13:19:02 main.go:22: localhost:8000 - GET - /api/v1/notifications?module=banner - [::1]:60105
2021/01/02 13:19:02 main.go:22: localhost:8000 - GET - /api/v1/health - [::1]:60105
2021/01/02 13:20:49 main.go:22: localhost:8000 - GET - /api/v1/students?module=12 - [::1]:60118
2021/01/02 13:20:49 main.go:22: localhost:8000 - GET - /api/v1/students?module=10 - [::1]:60118
2021/01/02 13:21:41 main.go:22: localhost:8000 - POST - /api/v1/students?module=12 - [::1]:60121
2021/01/02 13:21:41 helper.go:151: file has been created and stored -dist\img\12\android-chrome-192x192.png
2021/01/02 13:21:41 main.go:22: localhost:8000 - GET - /api/v1/students?module=12 - [::1]:60121
2021/01/02 13:21:41 main.go:22: localhost:8000 - GET - /api/v1/students?module=10 - [::1]:60121
2021/01/02 13:21:52 main.go:22: localhost:8000 - GET - /api/v1/events?module=events - [::1]:60121
2021/01/02 13:22:15 main.go:22: localhost:8000 - POST - /api/v1/events?module=events - [::1]:60124
2021/01/02 13:22:15 helper.go:151: file has been created and stored -dist\img\events\android-chrome-512x512.png
2021/01/02 13:22:15 main.go:22: localhost:8000 - GET - /api/v1/events?module=events - [::1]:60124
2021/01/02 13:22:21 main.go:22: localhost:8000 - GET - /api/v1/events/10004 - [::1]:60124
2021/01/02 13:22:39 main.go:22: localhost:8000 - POST - /api/v1/events/10004/images - [::1]:60126
2021/01/02 13:22:39 helper.go:151: file has been created and stored -dist\img\events10004\android-chrome-192x192.png
2021/01/02 13:22:39 helper.go:151: file has been created and stored -dist\img\events10004\android-chrome-512x512.png
2021/01/02 13:22:39 helper.go:151: file has been created and stored -dist\img\events10004\android-chrome-maskable-192x192.png
2021/01/02 13:22:39 helper.go:151: file has been created and stored -dist\img\events10004\android-chrome-maskable-512x512.png
2021/01/02 13:22:39 helper.go:151: file has been created and stored -dist\img\events10004\apple-touch-icon.png
2021/01/02 13:22:39 helper.go:151: file has been created and stored -dist\img\events10004\apple-touch-icon-60x60.png
2021/01/02 13:22:39 helper.go:151: file has been created and stored -dist\img\events10004\apple-touch-icon-76x76.png
2021/01/02 13:22:39 helper.go:151: file has been created and stored -dist\img\events10004\apple-touch-icon-120x120.png
2021/01/02 13:22:39 helper.go:151: file has been created and stored -dist\img\events10004\apple-touch-icon-152x152.png
2021/01/02 13:22:39 helper.go:151: file has been created and stored -dist\img\events10004\apple-touch-icon-180x180.png
2021/01/02 13:22:39 helper.go:151: file has been created and stored -dist\img\events10004\favicon.ico
2021/01/02 13:22:39 helper.go:151: file has been created and stored -dist\img\events10004\favicon-16x16.png
2021/01/02 13:22:39 helper.go:151: file has been created and stored -dist\img\events10004\favicon-32x32.png
2021/01/02 13:22:39 helper.go:151: file has been created and stored -dist\img\events10004\msapplication-icon-144x144.png
2021/01/02 13:22:39 helper.go:151: file has been created and stored -dist\img\events10004\mstile-150x150.png
2021/01/02 13:22:39 helper.go:151: file has been created and stored -dist\img\events10004\safari-pinned-tab.svg
2021/01/02 13:22:39 main.go:22: localhost:8000 - GET - /api/v1/events/10004 - [::1]:60126
2021/01/02 13:22:49 main.go:22: localhost:8000 - GET - /api/v1/events?module=events - [::1]:60126
2021/01/02 13:22:50 main.go:22: localhost:8000 - GET - /api/v1/events/10004 - [::1]:60126
2021/01/02 13:23:16 main.go:22: localhost:8000 - GET - /api/v1/events?module=events - [::1]:60128
2021/01/02 13:23:16 main.go:22: localhost:8000 - GET - /api/v1/events?module=achievements - [::1]:60128
2021/01/02 13:23:16 main.go:22: localhost:8000 - GET - /api/v1/notifications?module=banner - [::1]:60128
2021/01/02 13:23:16 main.go:22: localhost:8000 - GET - /api/v1/notifications?module=videos - [::1]:60128
2021/01/02 13:23:16 main.go:22: localhost:8000 - GET - /api/v1/notifications?module=notification - [::1]:60128
2021/01/02 13:23:16 main.go:22: localhost:8000 - GET - /api/v1/events?module=principal - [::1]:60128
2021/01/02 13:23:16 main.go:22: localhost:8000 - GET - /api/v1/students?module=12 - [::1]:60128
2021/01/02 13:23:16 main.go:22: localhost:8000 - GET - /api/v1/students?module=10 - [::1]:60128
2021/01/02 13:23:31 main.go:22: localhost:8000 - GET - /api/v1/events/10004 - [::1]:60128
2021/01/02 13:23:37 main.go:22: localhost:8000 - GET - /api/v1/events?module=events - [::1]:60128
2021/01/02 13:23:39 main.go:22: localhost:8000 - GET - /api/v1/events/10004 - [::1]:60128
2021/01/02 13:23:54 main.go:22: localhost:8000 - GET - /api/v1/events?module=events - [::1]:60128
2021/01/02 13:23:54 main.go:22: localhost:8000 - GET - /api/v1/events?module=achievements - [::1]:60128
2021/01/02 13:23:54 main.go:22: localhost:8000 - GET - /api/v1/notifications?module=videos - [::1]:60128
2021/01/02 13:23:54 main.go:22: localhost:8000 - GET - /api/v1/notifications?module=banner - [::1]:60128
2021/01/02 13:23:54 main.go:22: localhost:8000 - GET - /api/v1/notifications?module=notification - [::1]:60128
2021/01/02 13:23:54 main.go:22: localhost:8000 - GET - /api/v1/events?module=principal - [::1]:60128
2021/01/02 13:23:54 main.go:22: localhost:8000 - GET - /api/v1/students?module=12 - [::1]:60128
2021/01/02 13:23:54 main.go:22: localhost:8000 - GET - /api/v1/students?module=10 - [::1]:60128
2021/01/02 13:23:59 main.go:22: localhost:8000 - GET - /api/v1/notifications?module=notification - [::1]:60128
2021/01/02 13:23:59 main.go:22: localhost:8000 - GET - /api/v1/notifications?module=banner - [::1]:60128
2021/01/02 13:23:59 main.go:22: localhost:8000 - GET - /api/v1/health - [::1]:60128
2021/01/02 13:24:05 main.go:22: localhost:8000 - PUT - /api/v1/notifications/1 - [::1]:60128
2021/01/02 13:24:05 main.go:22: localhost:8000 - GET - /api/v1/notifications?module=notification - [::1]:60128
2021/01/02 13:24:05 main.go:22: localhost:8000 - GET - /api/v1/notifications?module=banner - [::1]:60128
2021/01/02 13:24:32 main.go:22: localhost:8000 - GET - /api/v1/events?module=events - [::1]:60140
2021/01/02 13:24:32 main.go:22: localhost:8000 - GET - /api/v1/events?module=achievements - [::1]:60140
2021/01/02 13:24:32 main.go:22: localhost:8000 - GET - /api/v1/notifications?module=videos - [::1]:60140
2021/01/02 13:24:32 main.go:22: localhost:8000 - GET - /api/v1/notifications?module=banner - [::1]:60140
2021/01/02 13:24:32 main.go:22: localhost:8000 - GET - /api/v1/notifications?module=notification - [::1]:60140
2021/01/02 13:24:32 main.go:22: localhost:8000 - GET - /api/v1/events?module=principal - [::1]:60140
2021/01/02 13:24:33 main.go:22: localhost:8000 - GET - /api/v1/students?module=12 - [::1]:60140
2021/01/02 13:24:33 main.go:22: localhost:8000 - GET - /api/v1/students?module=10 - [::1]:60140
2021/01/02 13:24:52 main.go:22: localhost:8000 - POST - /api/v1/notifications?module=notification - [::1]:60149
2021/01/02 13:24:52 main.go:22: localhost:8000 - GET - /api/v1/notifications?module=notification - [::1]:60149
2021/01/02 13:24:56 main.go:22: localhost:8000 - GET - /api/v1/notifications?module=notification - [::1]:60149
2021/01/02 13:25:05 main.go:22: localhost:8000 - GET - /api/v1/events?module=principal - [::1]:60149
2021/01/02 13:25:41 main.go:22: localhost:8000 - PUT - /api/v1/events/1 - [::1]:60154
2021/01/02 13:25:41 main.go:22: localhost:8000 - GET - /api/v1/events?module=principal - [::1]:60154
2021/01/02 13:25:44 main.go:22: localhost:8000 - GET - /api/v1/events?module=events - [::1]:60154
2021/01/02 13:25:44 main.go:22: localhost:8000 - GET - /api/v1/events?module=achievements - [::1]:60154
2021/01/02 13:25:44 main.go:22: localhost:8000 - GET - /api/v1/notifications?module=videos - [::1]:60154
2021/01/02 13:25:44 main.go:22: localhost:8000 - GET - /api/v1/notifications?module=banner - [::1]:60154
2021/01/02 13:25:45 main.go:22: localhost:8000 - GET - /api/v1/notifications?module=notification - [::1]:60154
2021/01/02 13:25:45 main.go:22: localhost:8000 - GET - /api/v1/events?module=principal - [::1]:60154
2021/01/02 13:25:45 main.go:22: localhost:8000 - GET - /api/v1/students?module=12 - [::1]:60154
2021/01/02 13:25:45 main.go:22: localhost:8000 - GET - /api/v1/students?module=10 - [::1]:60154
2021/01/02 13:26:47 main.go:22: localhost:8000 - GET - /api/v1/events?module=events - [::1]:60160
2021/01/02 13:26:47 main.go:22: localhost:8000 - GET - /api/v1/notifications?module=banner - [::1]:60160
2021/01/02 13:26:47 main.go:22: localhost:8000 - GET - /api/v1/notifications?module=videos - [::1]:60160
2021/01/02 13:26:47 main.go:22: localhost:8000 - GET - /api/v1/events?module=achievements - [::1]:60160
2021/01/02 13:26:47 main.go:22: localhost:8000 - GET - /api/v1/notifications?module=notification - [::1]:60160
2021/01/02 13:26:48 main.go:22: localhost:8000 - GET - /api/v1/events?module=principal - [::1]:60160
2021/01/02 13:26:48 main.go:22: localhost:8000 - GET - /api/v1/students?module=12 - [::1]:60160
2021/01/02 13:26:48 main.go:22: localhost:8000 - GET - /api/v1/students?module=10 - [::1]:60160
2021/01/02 13:33:27 main.go:22: localhost:8000 - GET - /api/v1/events/10004 - [::1]:60261
2021/01/02 13:36:31 main.go:22: localhost:8000 - GET - /api/v1/notifications?module=notification - [::1]:60359
2021/01/02 13:36:31 main.go:22: localhost:8000 - GET - /api/v1/notifications?module=banner - [::1]:60359
2021/01/02 13:36:31 main.go:22: localhost:8000 - GET - /api/v1/health - [::1]:60359
2021/01/02 13:36:32 main.go:22: localhost:8000 - GET - /api/v1/events?module=events - [::1]:60359
2021/01/02 13:37:29 main.go:22: localhost:8000 - GET - /api/v1/events/10004 - [::1]:60388
2021/01/02 13:37:42 main.go:22: localhost:8000 - GET - /api/v1/notifications?module=notification - [::1]:60388
2021/01/02 13:37:42 main.go:22: localhost:8000 - GET - /api/v1/notifications?module=banner - [::1]:60388
2021/01/02 13:37:42 main.go:22: localhost:8000 - GET - /api/v1/health - [::1]:60388
2021/01/02 13:37:43 main.go:22: localhost:8000 - GET - /api/v1/events?module=events - [::1]:60388
2021/01/02 13:37:45 main.go:22: localhost:8000 - GET - /api/v1/events/10004 - [::1]:60388
2021/01/02 13:39:01 main.go:22: localhost:8000 - GET - /api/v1/notifications?module=notification - [::1]:60437
2021/01/02 13:39:01 main.go:22: localhost:8000 - GET - /api/v1/notifications?module=banner - [::1]:60437
2021/01/02 13:39:01 main.go:22: localhost:8000 - GET - /api/v1/health - [::1]:60437
2021/01/02 13:39:05 main.go:22: localhost:8000 - GET - /api/v1/calendar - [::1]:60437
2021/01/02 13:39:07 main.go:22: localhost:8000 - GET - /api/v1/events?module=events - [::1]:60437
2021/01/02 13:46:30 main.go:22: localhost:8000 - GET - /api/v1/events?module=events - [::1]:60665
2021/01/02 13:46:30 main.go:22: localhost:8000 - GET - /api/v1/events?module=achievements - [::1]:60665
2021/01/02 13:46:30 main.go:22: localhost:8000 - GET - /api/v1/notifications?module=videos - [::1]:60665
2021/01/02 13:46:30 main.go:22: localhost:8000 - GET - /api/v1/notifications?module=banner - [::1]:60665
2021/01/02 13:46:31 main.go:22: localhost:8000 - GET - /api/v1/notifications?module=notification - [::1]:60665
2021/01/02 13:46:31 main.go:22: localhost:8000 - GET - /api/v1/events?module=principal - [::1]:60665
2021/01/02 13:46:31 main.go:22: localhost:8000 - GET - /api/v1/students?module=12 - [::1]:60665
2021/01/02 13:46:31 main.go:22: localhost:8000 - GET - /api/v1/students?module=10 - [::1]:60665
2021/01/02 13:47:12 loginhandler.go:64: Session Establisted for User :
2021/01/02 13:47:12 loginhandler.go:65: 1
2021/01/02 13:47:13 main.go:22: localhost:8000 - GET - /api/v1/notifications?module=notification - [::1]:60689
2021/01/02 13:47:13 main.go:22: localhost:8000 - GET - /api/v1/notifications?module=banner - [::1]:60689
2021/01/02 13:47:13 main.go:22: localhost:8000 - GET - /api/v1/health - [::1]:60689
2021/01/02 13:47:28 loginhandler.go:64: Session Establisted for User :
2021/01/02 13:47:28 loginhandler.go:65: 1
2021/01/02 13:47:28 main.go:22: localhost:8000 - GET - /api/v1/notifications?module=notification - [::1]:60689
2021/01/02 13:47:28 main.go:22: localhost:8000 - GET - /api/v1/notifications?module=banner - [::1]:60689
2021/01/02 13:47:28 main.go:22: localhost:8000 - GET - /api/v1/health - [::1]:60689
2021/01/02 14:04:12 main.go:22: localhost:8000 - GET - /api/v1/events?module=events - [::1]:61189
2021/01/02 14:04:23 loginhandler.go:64: Session Establisted for User :
2021/01/02 14:04:23 loginhandler.go:65: 1
2021/01/02 14:04:23 main.go:22: localhost:8000 - GET - /api/v1/notifications?module=notification - [::1]:61189
2021/01/02 14:04:23 main.go:22: localhost:8000 - GET - /api/v1/notifications?module=banner - [::1]:61189
2021/01/02 14:04:23 main.go:22: localhost:8000 - GET - /api/v1/health - [::1]:61189
2021/01/02 14:04:25 main.go:22: localhost:8000 - GET - /api/v1/events?module=events - [::1]:61189
2021/01/02 14:04:28 main.go:22: localhost:8000 - DELETE - /api/v1/events/10004 - [::1]:61189
2021/01/02 14:04:28 main.go:22: localhost:8000 - GET - /api/v1/events?module=events - [::1]:61189
2021/01/02 14:05:23 main.go:22: localhost:8000 - GET - /api/v1/students?module=12 - [::1]:61226
2021/01/02 14:05:23 main.go:22: localhost:8000 - GET - /api/v1/students?module=10 - [::1]:61226
2021/01/02 14:05:28 main.go:22: localhost:8000 - GET - /api/v1/notifications?module=notification - [::1]:61226
2021/01/02 14:05:28 main.go:22: localhost:8000 - GET - /api/v1/notifications?module=banner - [::1]:61226
2021/01/02 14:05:28 main.go:22: localhost:8000 - GET - /api/v1/health - [::1]:61226
2021/01/02 14:05:30 main.go:22: localhost:8000 - GET - /api/v1/students?module=12 - [::1]:61226
2021/01/02 14:05:30 main.go:22: localhost:8000 - GET - /api/v1/students?module=10 - [::1]:61226
2021/01/02 14:05:46 main.go:22: localhost:8000 - DELETE - /api/v1/students/2 - [::1]:61240
2021/01/02 14:05:46 main.go:22: localhost:8000 - GET - /api/v1/students?module=12 - [::1]:61240
2021/01/02 14:05:46 main.go:22: localhost:8000 - GET - /api/v1/students?module=10 - [::1]:61240
2021/01/02 14:08:48 main.go:22: localhost:8000 - GET - /api/v1/notifications?module=notification - [::1]:61476
2021/01/02 14:08:48 main.go:22: localhost:8000 - GET - /api/v1/notifications?module=banner - [::1]:61476
2021/01/02 14:08:49 main.go:22: localhost:8000 - GET - /api/v1/health - [::1]:61476
2021/01/02 14:08:52 main.go:22: localhost:8000 - GET - /api/v1/notifications?module=videos - [::1]:61476
2021/01/02 14:08:55 main.go:22: localhost:8000 - DELETE - /api/v1/notifications/3 - [::1]:61476
2021/01/02 14:08:55 main.go:22: localhost:8000 - GET - /api/v1/notifications?module=videos - [::1]:61476
2021/01/02 14:08:59 main.go:22: localhost:8000 - GET - /api/v1/notifications?module=videos - [::1]:61476
2021/01/02 14:09:14 main.go:22: localhost:8000 - GET - /api/v1/events?module=principal - [::1]:61476
2021/01/02 14:09:18 main.go:22: localhost:8000 - GET - /api/v1/notifications?module=notification - [::1]:61476
2021/01/02 14:09:18 main.go:22: localhost:8000 - GET - /api/v1/notifications?module=banner - [::1]:61476
2021/01/02 14:09:18 main.go:22: localhost:8000 - GET - /api/v1/health - [::1]:61476
2021/01/02 14:09:35 main.go:22: localhost:8000 - GET - /api/v1/events?module=events - [::1]:61532
2021/01/02 14:09:35 main.go:22: localhost:8000 - GET - /api/v1/events?module=achievements - [::1]:61532
2021/01/02 14:09:35 main.go:22: localhost:8000 - GET - /api/v1/events?module=principal - [::1]:61532
2021/01/02 14:09:35 main.go:22: localhost:8000 - GET - /api/v1/students?module=10 - [::1]:61532
2021/01/02 14:09:35 main.go:22: localhost:8000 - GET - /api/v1/students?module=12 - [::1]:61532
2021/01/02 14:09:35 main.go:22: localhost:8000 - GET - /api/v1/notifications?module=banner - [::1]:61532
2021/01/02 14:09:35 main.go:22: localhost:8000 - GET - /api/v1/notifications?module=videos - [::1]:61532
2021/01/02 14:09:35 main.go:22: localhost:8000 - GET - /api/v1/notifications?module=notification - [::1]:61532
2021/01/02 14:10:56 main.go:22: localhost:8000 - GET - /api/v1/notifications?module=notification - [::1]:61610
2021/01/02 14:11:07 main.go:22: localhost:8000 - GET - /api/v1/events?module=events - [::1]:61610
2021/01/02 14:11:07 main.go:22: localhost:8000 - GET - /api/v1/events?module=achievements - [::1]:61610
2021/01/02 14:11:07 main.go:22: localhost:8000 - GET - /api/v1/notifications?module=videos - [::1]:61610
2021/01/02 14:11:07 main.go:22: localhost:8000 - GET - /api/v1/notifications?module=banner - [::1]:61610
2021/01/02 14:11:08 main.go:22: localhost:8000 - GET - /api/v1/notifications?module=notification - [::1]:61610
2021/01/02 14:11:08 main.go:22: localhost:8000 - GET - /api/v1/events?module=principal - [::1]:61610
2021/01/02 14:11:08 main.go:22: localhost:8000 - GET - /api/v1/students?module=12 - [::1]:61610
2021/01/02 14:11:08 main.go:22: localhost:8000 - GET - /api/v1/students?module=10 - [::1]:61610
2021/01/02 14:11:46 main.go:22: localhost:8000 - GET - /api/v1/calendar - [::1]:61629
2021/01/02 14:17:27 main.go:22: localhost:8000 - GET - /api/v1/events?module=events - [::1]:62073
2021/01/02 14:17:27 main.go:22: localhost:8000 - GET - /api/v1/students?module=10 - [::1]:62073
2021/01/02 14:17:27 main.go:22: localhost:8000 - GET - /api/v1/events?module=principal - [::1]:62073
2021/01/02 14:17:27 main.go:22: localhost:8000 - GET - /api/v1/notifications?module=notification - [::1]:62073
2021/01/02 14:17:27 main.go:22: localhost:8000 - GET - /api/v1/students?module=12 - [::1]:62073
2021/01/02 14:17:27 main.go:22: localhost:8000 - GET - /api/v1/notifications?module=banner - [::1]:62073
2021/01/02 14:17:27 main.go:22: localhost:8000 - GET - /api/v1/notifications?module=videos - [::1]:62073
2021/01/02 14:17:27 main.go:22: localhost:8000 - GET - /api/v1/events?module=achievements - [::1]:62073
2021/01/02 14:17:30 main.go:22: localhost:8000 - GET - /api/v1/notifications?module=notification - [::1]:62073
2021/01/02 14:17:44 main.go:22: localhost:8000 - GET - /api/v1/notifications?module=notification - [::1]:62073
2021/01/02 14:17:44 main.go:22: localhost:8000 - GET - /api/v1/notifications?module=banner - [::1]:62073
2021/01/02 14:17:44 main.go:22: localhost:8000 - GET - /api/v1/health - [::1]:62073
2021/01/02 14:17:49 main.go:22: localhost:8000 - GET - /api/v1/notifications?module=videos - [::1]:62073
2021/01/02 14:18:33 main.go:22: localhost:8000 - GET - /api/v1/notifications?module=notification - [::1]:62116
2021/01/02 14:18:33 main.go:22: localhost:8000 - GET - /api/v1/notifications?module=banner - [::1]:62116
2021/01/02 14:18:33 main.go:22: localhost:8000 - GET - /api/v1/health - [::1]:62116
2021/01/02 14:18:37 main.go:22: localhost:8000 - GET - /api/v1/notifications?module=videos - [::1]:62116
2021/01/02 14:20:12 main.go:22: localhost:8000 - GET - /api/v1/events?module=principal - [::1]:62175
2021/01/02 14:20:13 main.go:22: localhost:8000 - GET - /api/v1/students?module=12 - [::1]:62175
2021/01/02 14:20:13 main.go:22: localhost:8000 - GET - /api/v1/students?module=10 - [::1]:62175
2021/01/02 14:20:14 main.go:22: localhost:8000 - GET - /api/v1/events?module=achievements - [::1]:62175
2021/01/02 14:21:14 main.go:22: localhost:8000 - GET - /api/v1/notifications?module=notification - [::1]:62206
2021/01/02 14:21:14 main.go:22: localhost:8000 - GET - /api/v1/notifications?module=banner - [::1]:62206
2021/01/02 14:21:14 main.go:22: localhost:8000 - GET - /api/v1/health - [::1]:62206
2021/01/02 14:21:17 main.go:22: localhost:8000 - GET - /api/v1/events?module=achievements - [::1]:62206
2021/01/02 14:21:49 loginhandler.go:64: Session Establisted for User :
2021/01/02 14:21:49 loginhandler.go:65: 1
2021/01/02 14:21:49 main.go:22: localhost:8000 - GET - /api/v1/notifications?module=notification - [::1]:62220
2021/01/02 14:21:49 main.go:22: localhost:8000 - GET - /api/v1/notifications?module=banner - [::1]:62220
2021/01/02 14:21:49 main.go:22: localhost:8000 - GET - /api/v1/health - [::1]:62220
2021/01/02 14:21:52 main.go:22: localhost:8000 - GET - /api/v1/events?module=achievements - [::1]:62220
2021/01/02 14:22:09 main.go:22: localhost:8000 - POST - /api/v1/events?module=achievements - [::1]:62237
2021/01/02 14:22:09 helper.go:151: file has been created and stored -dist\img\achievements\android-chrome-512x512.png
2021/01/02 14:22:09 main.go:22: localhost:8000 - GET - /api/v1/events?module=achievements - [::1]:62237
2021/01/02 14:22:26 main.go:22: localhost:8000 - GET - /api/v1/events?module=achievements - [::1]:62247
2021/01/02 14:22:27 main.go:22: localhost:8000 - GET - /api/v1/events/10005 - [::1]:62247
2021/01/02 14:22:31 main.go:22: localhost:8000 - GET - /api/v1/events/10005 - [::1]:62247
2021/01/02 14:22:49 main.go:22: localhost:8000 - POST - /api/v1/events/10005/images - [::1]:62259
2021/01/02 14:22:50 helper.go:151: file has been created and stored -dist\img\achievements10005\apple-touch-icon-76x76.png
2021/01/02 14:22:50 helper.go:151: file has been created and stored -dist\img\achievements10005\apple-touch-icon-120x120.png
2021/01/02 14:22:50 helper.go:151: file has been created and stored -dist\img\achievements10005\apple-touch-icon-152x152.png
2021/01/02 14:22:50 helper.go:151: file has been created and stored -dist\img\achievements10005\apple-touch-icon-180x180.png
2021/01/02 14:22:50 main.go:22: localhost:8000 - GET - /api/v1/events/10005 - [::1]:62259
2021/01/02 14:23:01 main.go:22: localhost:8000 - GET - /api/v1/events/10005 - [::1]:62259
2021/01/02 14:24:23 main.go:22: localhost:8000 - GET - /api/v1/notifications?module=notification - [::1]:62307
2021/01/02 14:24:23 main.go:22: localhost:8000 - GET - /api/v1/notifications?module=banner - [::1]:62307
2021/01/02 14:24:23 main.go:22: localhost:8000 - GET - /api/v1/health - [::1]:62307
2021/01/02 14:24:32 main.go:22: localhost:8000 - GET - /api/v1/notifications?module=videos - [::1]:62307
2021/01/02 14:24:33 main.go:22: localhost:8000 - GET - /api/v1/events?module=achievements - [::1]:62307
2021/01/02 14:24:36 main.go:22: localhost:8000 - GET - /api/v1/events/10005 - [::1]:62307
2021/01/02 14:26:41 main.go:22: localhost:8000 - GET - /api/v1/events?module=events - [::1]:62372
2021/01/02 14:26:41 main.go:22: localhost:8000 - GET - /api/v1/events?module=achievements - [::1]:62372
2021/01/02 14:26:41 main.go:22: localhost:8000 - GET - /api/v1/notifications?module=videos - [::1]:62372
2021/01/02 14:26:41 main.go:22: localhost:8000 - GET - /api/v1/notifications?module=banner - [::1]:62372
2021/01/02 14:26:59 main.go:22: localhost:8000 - GET - /api/v1/events?module=events - [::1]:62372
2021/01/02 14:26:59 main.go:22: localhost:8000 - GET - /api/v1/events?module=achievements - [::1]:62372
2021/01/02 14:26:59 main.go:22: localhost:8000 - GET - /api/v1/notifications?module=videos - [::1]:62372
2021/01/02 14:26:59 main.go:22: localhost:8000 - GET - /api/v1/notifications?module=banner - [::1]:62372
2021/01/02 14:27:00 main.go:22: localhost:8000 - GET - /api/v1/notifications?module=notification - [::1]:62372
2021/01/02 14:27:00 main.go:22: localhost:8000 - GET - /api/v1/events?module=principal - [::1]:62372
2021/01/02 14:27:00 main.go:22: localhost:8000 - GET - /api/v1/students?module=12 - [::1]:62372
2021/01/02 14:27:00 main.go:22: localhost:8000 - GET - /api/v1/students?module=10 - [::1]:62372
2021/01/02 14:30:47 main.go:22: localhost:8000 - GET - /api/v1/events?module=events - [::1]:62570
2021/01/02 14:30:47 main.go:22: localhost:8000 - GET - /api/v1/events?module=achievements - [::1]:62570
2021/01/02 14:30:47 main.go:22: localhost:8000 - GET - /api/v1/notifications?module=videos - [::1]:62570
2021/01/02 14:30:47 main.go:22: localhost:8000 - GET - /api/v1/notifications?module=banner - [::1]:62570
2021/01/02 14:30:47 main.go:22: localhost:8000 - GET - /api/v1/notifications?module=notification - [::1]:62570
2021/01/02 14:30:48 main.go:22: localhost:8000 - GET - /api/v1/events?module=principal - [::1]:62570
2021/01/02 14:30:48 main.go:22: localhost:8000 - GET - /api/v1/students?module=12 - [::1]:62570
2021/01/02 14:30:48 main.go:22: localhost:8000 - GET - /api/v1/students?module=10 - [::1]:62570
2021/01/02 14:31:13 main.go:22: localhost:8000 - GET - /api/v1/events?module=events - [::1]:62570
2021/01/02 14:31:13 main.go:22: localhost:8000 - GET - /api/v1/events?module=achievements - [::1]:62570
2021/01/02 14:31:13 main.go:22: localhost:8000 - GET - /api/v1/notifications?module=videos - [::1]:62570
2021/01/02 14:31:13 main.go:22: localhost:8000 - GET - /api/v1/notifications?module=banner - [::1]:62570
2021/01/02 14:31:13 main.go:22: localhost:8000 - GET - /api/v1/notifications?module=notification - [::1]:62570
2021/01/02 14:31:14 main.go:22: localhost:8000 - GET - /api/v1/events?module=principal - [::1]:62570
2021/01/02 14:31:14 main.go:22: localhost:8000 - GET - /api/v1/students?module=12 - [::1]:62570
2021/01/02 14:31:14 main.go:22: localhost:8000 - GET - /api/v1/students?module=10 - [::1]:62570
2021/01/02 14:31:14 main.go:22: localhost:8000 - GET - /api/v1/events?module=events - [::1]:62570
2021/01/02 14:31:14 main.go:22: localhost:8000 - GET - /api/v1/events?module=achievements - [::1]:62570
2021/01/02 14:31:14 main.go:22: localhost:8000 - GET - /api/v1/notifications?module=videos - [::1]:62570
2021/01/02 14:31:14 main.go:22: localhost:8000 - GET - /api/v1/notifications?module=banner - [::1]:62570
2021/01/02 14:31:15 main.go:22: localhost:8000 - GET - /api/v1/notifications?module=notification - [::1]:62570
2021/01/02 14:31:15 main.go:22: localhost:8000 - GET - /api/v1/events?module=principal - [::1]:62570
2021/01/02 14:31:15 main.go:22: localhost:8000 - GET - /api/v1/students?module=10 - [::1]:62570
2021/01/02 14:31:15 main.go:22: localhost:8000 - GET - /api/v1/students?module=12 - [::1]:62570
2021/01/02 14:31:20 main.go:22: localhost:8000 - GET - /api/v1/events?module=events - [::1]:62570
2021/01/02 14:31:20 main.go:22: localhost:8000 - GET - /api/v1/events?module=achievements - [::1]:62570
2021/01/02 14:31:20 main.go:22: localhost:8000 - GET - /api/v1/notifications?module=videos - [::1]:62570
2021/01/02 14:31:20 main.go:22: localhost:8000 - GET - /api/v1/notifications?module=banner - [::1]:62570
2021/01/02 14:31:20 main.go:22: localhost:8000 - GET - /api/v1/notifications?module=notification - [::1]:62570
2021/01/02 14:31:20 main.go:22: localhost:8000 - GET - /api/v1/events?module=principal - [::1]:62570
2021/01/02 14:31:20 main.go:22: localhost:8000 - GET - /api/v1/students?module=12 - [::1]:62570
2021/01/02 14:31:21 main.go:22: localhost:8000 - GET - /api/v1/students?module=10 - [::1]:62570
2021/01/02 14:31:48 main.go:22: localhost:8000 - GET - /api/v1/events?module=events - [::1]:62629
2021/01/02 14:31:48 main.go:22: localhost:8000 - GET - /api/v1/events?module=achievements - [::1]:62629
2021/01/02 14:31:48 main.go:22: localhost:8000 - GET - /api/v1/notifications?module=videos - [::1]:62629
2021/01/02 14:31:48 main.go:22: localhost:8000 - GET - /api/v1/notifications?module=banner - [::1]:62629
2021/01/02 14:31:48 main.go:22: localhost:8000 - GET - /api/v1/notifications?module=notification - [::1]:62629
2021/01/02 14:31:48 main.go:22: localhost:8000 - GET - /api/v1/events?module=principal - [::1]:62629
2021/01/02 14:31:48 main.go:22: localhost:8000 - GET - /api/v1/students?module=12 - [::1]:62629
2021/01/02 14:31:48 main.go:22: localhost:8000 - GET - /api/v1/students?module=10 - [::1]:62629
2021/01/02 14:31:59 main.go:22: localhost:8000 - GET - /api/v1/events?module=events - [::1]:62629
2021/01/02 14:31:59 main.go:22: localhost:8000 - GET - /api/v1/events?module=achievements - [::1]:62629
2021/01/02 14:31:59 main.go:22: localhost:8000 - GET - /api/v1/notifications?module=videos - [::1]:62629
2021/01/02 14:31:59 main.go:22: localhost:8000 - GET - /api/v1/notifications?module=banner - [::1]:62629
2021/01/02 14:32:00 main.go:22: localhost:8000 - GET - /api/v1/notifications?module=notification - [::1]:62629
2021/01/02 14:32:00 main.go:22: localhost:8000 - GET - /api/v1/events?module=principal - [::1]:62629
2021/01/02 14:32:00 main.go:22: localhost:8000 - GET - /api/v1/students?module=12 - [::1]:62629
2021/01/02 14:32:00 main.go:22: localhost:8000 - GET - /api/v1/students?module=10 - [::1]:62629
2021/01/02 14:32:01 main.go:22: localhost:8000 - GET - /api/v1/events?module=events - [::1]:62629
2021/01/02 14:32:01 main.go:22: localhost:8000 - GET - /api/v1/events?module=achievements - [::1]:62629
2021/01/02 14:32:01 main.go:22: localhost:8000 - GET - /api/v1/notifications?module=videos - [::1]:62629
2021/01/02 14:32:01 main.go:22: localhost:8000 - GET - /api/v1/notifications?module=banner - [::1]:62629
2021/01/02 14:32:01 main.go:22: localhost:8000 - GET - /api/v1/notifications?module=notification - [::1]:62629
2021/01/02 14:32:01 main.go:22: localhost:8000 - GET - /api/v1/events?module=principal - [::1]:62629
2021/01/02 14:32:01 main.go:22: localhost:8000 - GET - /api/v1/students?module=12 - [::1]:62629
2021/01/02 14:32:01 main.go:22: localhost:8000 - GET - /api/v1/students?module=10 - [::1]:62629
2021/01/02 14:32:07 main.go:22: localhost:8000 - GET - /api/v1/events?module=events - [::1]:62629
2021/01/02 14:32:07 main.go:22: localhost:8000 - GET - /api/v1/events?module=achievements - [::1]:62629
2021/01/02 14:32:07 main.go:22: localhost:8000 - GET - /api/v1/notifications?module=videos - [::1]:62629
2021/01/02 14:32:07 main.go:22: localhost:8000 - GET - /api/v1/notifications?module=banner - [::1]:62629
2021/01/02 14:32:08 main.go:22: localhost:8000 - GET - /api/v1/notifications?module=notification - [::1]:62629
2021/01/02 14:32:08 main.go:22: localhost:8000 - GET - /api/v1/events?module=principal - [::1]:62629
2021/01/02 14:32:08 main.go:22: localhost:8000 - GET - /api/v1/students?module=12 - [::1]:62629
2021/01/02 14:32:08 main.go:22: localhost:8000 - GET - /api/v1/students?module=10 - [::1]:62629
2021/01/02 15:33:14 main.go:22: localhost:8000 - GET - /api/v1/events?module=events - [::1]:53783
2021/01/02 15:33:14 main.go:22: localhost:8000 - GET - /api/v1/events?module=achievements - [::1]:53783
2021/01/02 15:33:14 main.go:22: localhost:8000 - GET - /api/v1/notifications?module=videos - [::1]:53783
2021/01/02 15:33:14 main.go:22: localhost:8000 - GET - /api/v1/notifications?module=banner - [::1]:53783
2021/01/02 15:33:14 main.go:22: localhost:8000 - GET - /api/v1/notifications?module=notification - [::1]:53783
2021/01/02 15:33:14 main.go:22: localhost:8000 - GET - /api/v1/events?module=principal - [::1]:53783
2021/01/02 15:33:14 main.go:22: localhost:8000 - GET - /api/v1/students?module=12 - [::1]:53783
2021/01/02 15:33:14 main.go:22: localhost:8000 - GET - /api/v1/students?module=10 - [::1]:53783
2021/01/02 15:33:52 main.go:22: localhost:8000 - GET - /api/v1/events?module=events - [::1]:53818
2021/01/02 15:33:52 main.go:22: localhost:8000 - GET - /api/v1/events?module=achievements - [::1]:53818
2021/01/02 15:33:52 main.go:22: localhost:8000 - GET - /api/v1/notifications?module=videos - [::1]:53818
2021/01/02 15:33:52 main.go:22: localhost:8000 - GET - /api/v1/notifications?module=banner - [::1]:53818
2021/01/02 15:33:53 main.go:22: localhost:8000 - GET - /api/v1/notifications?module=notification - [::1]:53818
2021/01/02 15:33:53 main.go:22: localhost:8000 - GET - /api/v1/events?module=principal - [::1]:53818
2021/01/02 15:33:53 main.go:22: localhost:8000 - GET - /api/v1/students?module=12 - [::1]:53818
2021/01/02 15:33:53 main.go:22: localhost:8000 - GET - /api/v1/students?module=10 - [::1]:53818
2021/01/02 15:34:24 main.go:22: localhost:8000 - GET - /api/v1/events?module=events - [::1]:53840
2021/01/02 15:34:24 main.go:22: localhost:8000 - GET - /api/v1/events?module=achievements - [::1]:53840
2021/01/02 15:34:24 main.go:22: localhost:8000 - GET - /api/v1/notifications?module=videos - [::1]:53840
2021/01/02 15:34:24 main.go:22: localhost:8000 - GET - /api/v1/notifications?module=banner - [::1]:53840
2021/01/02 15:34:25 main.go:22: localhost:8000 - GET - /api/v1/notifications?module=notification - [::1]:53840
2021/01/02 15:34:25 main.go:22: localhost:8000 - GET - /api/v1/events?module=principal - [::1]:53840
2021/01/02 15:34:25 main.go:22: localhost:8000 - GET - /api/v1/students?module=12 - [::1]:53840
2021/01/02 15:34:25 main.go:22: localhost:8000 - GET - /api/v1/students?module=10 - [::1]:53840
2021/01/02 15:34:34 main.go:22: localhost:8000 - GET - /api/v1/events?module=events - [::1]:53840
2021/01/02 15:34:34 main.go:22: localhost:8000 - GET - /api/v1/events?module=achievements - [::1]:53840
2021/01/02 15:34:34 main.go:22: localhost:8000 - GET - /api/v1/notifications?module=videos - [::1]:53840
2021/01/02 15:34:34 main.go:22: localhost:8000 - GET - /api/v1/notifications?module=banner - [::1]:53840
2021/01/02 15:34:34 main.go:22: localhost:8000 - GET - /api/v1/notifications?module=notification - [::1]:53840
2021/01/02 15:34:34 main.go:22: localhost:8000 - GET - /api/v1/events?module=principal - [::1]:53840
2021/01/02 15:34:34 main.go:22: localhost:8000 - GET - /api/v1/students?module=12 - [::1]:53840
2021/01/02 15:34:34 main.go:22: localhost:8000 - GET - /api/v1/students?module=10 - [::1]:53840
2021/01/02 15:34:46 main.go:22: localhost:8000 - GET - /api/v1/events?module=events - [::1]:53840
2021/01/02 15:34:46 main.go:22: localhost:8000 - GET - /api/v1/events?module=achievements - [::1]:53840
2021/01/02 15:34:46 main.go:22: localhost:8000 - GET - /api/v1/notifications?module=videos - [::1]:53840
2021/01/02 15:34:46 main.go:22: localhost:8000 - GET - /api/v1/notifications?module=banner - [::1]:53840
2021/01/02 15:34:46 main.go:22: localhost:8000 - GET - /api/v1/notifications?module=notification - [::1]:53840
2021/01/02 15:34:46 main.go:22: localhost:8000 - GET - /api/v1/events?module=principal - [::1]:53840
2021/01/02 15:34:46 main.go:22: localhost:8000 - GET - /api/v1/students?module=12 - [::1]:53840
2021/01/02 15:34:46 main.go:22: localhost:8000 - GET - /api/v1/students?module=10 - [::1]:53840
2021/01/02 15:35:22 main.go:22: localhost:8000 - GET - /api/v1/events?module=events - [::1]:53874
2021/01/02 15:35:22 main.go:22: localhost:8000 - GET - /api/v1/events?module=achievements - [::1]:53874
2021/01/02 15:35:22 main.go:22: localhost:8000 - GET - /api/v1/notifications?module=videos - [::1]:53874
2021/01/02 15:35:22 main.go:22: localhost:8000 - GET - /api/v1/notifications?module=banner - [::1]:53874
2021/01/02 15:35:22 main.go:22: localhost:8000 - GET - /api/v1/notifications?module=notification - [::1]:53874
2021/01/02 15:35:22 main.go:22: localhost:8000 - GET - /api/v1/events?module=principal - [::1]:53874
2021/01/02 15:35:22 main.go:22: localhost:8000 - GET - /api/v1/students?module=12 - [::1]:53874
2021/01/02 15:35:22 main.go:22: localhost:8000 - GET - /api/v1/students?module=10 - [::1]:53874
2021/01/02 15:35:52 main.go:22: localhost:8000 - GET - /api/v1/events?module=events - [::1]:53886
2021/01/02 15:35:52 main.go:22: localhost:8000 - GET - /api/v1/events?module=achievements - [::1]:53886
2021/01/02 15:35:52 main.go:22: localhost:8000 - GET - /api/v1/notifications?module=videos - [::1]:53886
2021/01/02 15:35:52 main.go:22: localhost:8000 - GET - /api/v1/notifications?module=banner - [::1]:53886
2021/01/02 15:35:52 main.go:22: localhost:8000 - GET - /api/v1/notifications?module=notification - [::1]:53886
2021/01/02 15:35:52 main.go:22: localhost:8000 - GET - /api/v1/events?module=principal - [::1]:53886
2021/01/02 15:35:52 main.go:22: localhost:8000 - GET - /api/v1/students?module=12 - [::1]:53886
2021/01/02 15:35:52 main.go:22: localhost:8000 - GET - /api/v1/students?module=10 - [::1]:53886
2021/01/02 15:37:56 main.go:22: localhost:8000 - GET - /api/v1/events?module=events - [::1]:54585
2021/01/02 15:37:56 main.go:22: localhost:8000 - GET - /api/v1/events?module=achievements - [::1]:54585
2021/01/02 15:37:56 main.go:22: localhost:8000 - GET - /api/v1/notifications?module=videos - [::1]:54585
2021/01/02 15:37:56 main.go:22: localhost:8000 - GET - /api/v1/notifications?module=banner - [::1]:54585
2021/01/02 15:37:56 main.go:22: localhost:8000 - GET - /api/v1/notifications?module=notification - [::1]:54585
2021/01/02 15:37:57 main.go:22: localhost:8000 - GET - /api/v1/events?module=principal - [::1]:54585
2021/01/02 15:37:57 main.go:22: localhost:8000 - GET - /api/v1/students?module=12 - [::1]:54585
2021/01/02 15:37:57 main.go:22: localhost:8000 - GET - /api/v1/students?module=10 - [::1]:54585
2021/01/02 15:38:28 main.go:22: localhost:8000 - GET - /api/v1/events?module=events - [::1]:54660
2021/01/02 15:38:28 main.go:22: localhost:8000 - GET - /api/v1/events?module=achievements - [::1]:54660
2021/01/02 15:38:28 main.go:22: localhost:8000 - GET - /api/v1/notifications?module=videos - [::1]:54660
2021/01/02 15:38:28 main.go:22: localhost:8000 - GET - /api/v1/notifications?module=banner - [::1]:54660
2021/01/02 15:38:29 main.go:22: localhost:8000 - GET - /api/v1/notifications?module=notification - [::1]:54660
2021/01/02 15:38:32 main.go:22: localhost:8000 - GET - /api/v1/events?module=events - [::1]:54660
2021/01/02 15:38:32 main.go:22: localhost:8000 - GET - /api/v1/events?module=achievements - [::1]:54660
2021/01/02 15:38:32 main.go:22: localhost:8000 - GET - /api/v1/notifications?module=videos - [::1]:54660
2021/01/02 15:38:32 main.go:22: localhost:8000 - GET - /api/v1/notifications?module=banner - [::1]:54660
2021/01/02 15:38:33 main.go:22: localhost:8000 - GET - /api/v1/notifications?module=notification - [::1]:54660
2021/01/02 15:38:33 main.go:22: localhost:8000 - GET - /api/v1/events?module=principal - [::1]:54660
2021/01/02 15:38:33 main.go:22: localhost:8000 - GET - /api/v1/students?module=12 - [::1]:54660
2021/01/02 15:38:33 main.go:22: localhost:8000 - GET - /api/v1/students?module=10 - [::1]:54660
2021/01/02 15:39:25 main.go:22: localhost:8000 - GET - /api/v1/events?module=events - [::1]:54725
2021/01/02 15:39:25 main.go:22: localhost:8000 - GET - /api/v1/events?module=achievements - [::1]:54725
2021/01/02 15:39:25 main.go:22: localhost:8000 - GET - /api/v1/notifications?module=videos - [::1]:54725
2021/01/02 15:39:25 main.go:22: localhost:8000 - GET - /api/v1/notifications?module=banner - [::1]:54725
2021/01/02 15:39:25 main.go:22: localhost:8000 - GET - /api/v1/notifications?module=notification - [::1]:54725
2021/01/02 15:39:25 main.go:22: localhost:8000 - GET - /api/v1/events?module=principal - [::1]:54725
2021/01/02 15:39:25 main.go:22: localhost:8000 - GET - /api/v1/students?module=12 - [::1]:54725
2021/01/02 15:39:25 main.go:22: localhost:8000 - GET - /api/v1/students?module=10 - [::1]:54725
2021/01/02 15:39:45 main.go:22: localhost:8000 - GET - /api/v1/events?module=events - [::1]:54725
2021/01/02 15:39:45 main.go:22: localhost:8000 - GET - /api/v1/events?module=achievements - [::1]:54725
2021/01/02 15:39:45 main.go:22: localhost:8000 - GET - /api/v1/notifications?module=videos - [::1]:54725
2021/01/02 15:39:45 main.go:22: localhost:8000 - GET - /api/v1/notifications?module=banner - [::1]:54725
2021/01/02 15:39:46 main.go:22: localhost:8000 - GET - /api/v1/notifications?module=notification - [::1]:54725
2021/01/02 15:39:46 main.go:22: localhost:8000 - GET - /api/v1/events?module=principal - [::1]:54725
2021/01/02 15:39:46 main.go:22: localhost:8000 - GET - /api/v1/students?module=12 - [::1]:54725
2021/01/02 15:39:46 main.go:22: localhost:8000 - GET - /api/v1/students?module=10 - [::1]:54725
2021/01/02 15:39:58 main.go:22: localhost:8000 - GET - /api/v1/events?module=events - [::1]:54725
2021/01/02 15:40:02 main.go:22: localhost:8000 - GET - /api/v1/events?module=events - [::1]:54725
2021/01/02 15:40:02 main.go:22: localhost:8000 - GET - /api/v1/events?module=achievements - [::1]:54725
2021/01/02 15:40:02 main.go:22: localhost:8000 - GET - /api/v1/notifications?module=videos - [::1]:54725
2021/01/02 15:40:02 main.go:22: localhost:8000 - GET - /api/v1/notifications?module=banner - [::1]:54725
2021/01/02 15:40:02 main.go:22: localhost:8000 - GET - /api/v1/notifications?module=notification - [::1]:54725
2021/01/02 15:40:02 main.go:22: localhost:8000 - GET - /api/v1/events?module=principal - [::1]:54725
2021/01/02 15:40:02 main.go:22: localhost:8000 - GET - /api/v1/students?module=12 - [::1]:54725
2021/01/02 15:40:02 main.go:22: localhost:8000 - GET - /api/v1/students?module=10 - [::1]:54725
2021/01/02 15:40:25 main.go:22: localhost:8000 - GET - /api/v1/events?module=events - [::1]:54787
2021/01/02 15:40:25 main.go:22: localhost:8000 - GET - /api/v1/events?module=achievements - [::1]:54787
2021/01/02 15:40:25 main.go:22: localhost:8000 - GET - /api/v1/notifications?module=videos - [::1]:54787
2021/01/02 15:40:25 main.go:22: localhost:8000 - GET - /api/v1/notifications?module=banner - [::1]:54787
2021/01/02 15:40:26 main.go:22: localhost:8000 - GET - /api/v1/notifications?module=notification - [::1]:54787
2021/01/02 15:40:26 main.go:22: localhost:8000 - GET - /api/v1/events?module=principal - [::1]:54787
2021/01/02 15:40:26 main.go:22: localhost:8000 - GET - /api/v1/students?module=12 - [::1]:54787
2021/01/02 15:40:26 main.go:22: localhost:8000 - GET - /api/v1/students?module=10 - [::1]:54787
2021/01/02 15:40:30 main.go:22: localhost:8000 - GET - /api/v1/events?module=events - [::1]:54787
2021/01/02 15:40:30 main.go:22: localhost:8000 - GET - /api/v1/events?module=achievements - [::1]:54787
2021/01/02 15:40:30 main.go:22: localhost:8000 - GET - /api/v1/notifications?module=videos - [::1]:54787
2021/01/02 15:40:30 main.go:22: localhost:8000 - GET - /api/v1/notifications?module=banner - [::1]:54787
2021/01/02 15:40:31 main.go:22: localhost:8000 - GET - /api/v1/notifications?module=notification - [::1]:54787
2021/01/02 15:40:31 main.go:22: localhost:8000 - GET - /api/v1/events?module=principal - [::1]:54787
2021/01/02 15:40:31 main.go:22: localhost:8000 - GET - /api/v1/students?module=12 - [::1]:54787
2021/01/02 15:40:31 main.go:22: localhost:8000 - GET - /api/v1/students?module=10 - [::1]:54787
2021/01/02 15:42:00 main.go:22: localhost:8000 - GET - /api/v1/events?module=events - [::1]:54922
2021/01/02 15:42:00 main.go:22: localhost:8000 - GET - /api/v1/events?module=achievements - [::1]:54922
2021/01/02 15:42:00 main.go:22: localhost:8000 - GET - /api/v1/notifications?module=videos - [::1]:54922
2021/01/02 15:42:00 main.go:22: localhost:8000 - GET - /api/v1/notifications?module=banner - [::1]:54922
2021/01/02 15:42:01 main.go:22: localhost:8000 - GET - /api/v1/notifications?module=notification - [::1]:54922
2021/01/02 15:42:01 main.go:22: localhost:8000 - GET - /api/v1/events?module=principal - [::1]:54922
2021/01/02 15:42:01 main.go:22: localhost:8000 - GET - /api/v1/students?module=12 - [::1]:54922
2021/01/02 15:42:01 main.go:22: localhost:8000 - GET - /api/v1/students?module=10 - [::1]:54922
2021/01/02 15:42:05 main.go:22: localhost:8000 - GET - /api/v1/events?module=events - [::1]:54922
2021/01/02 15:42:05 main.go:22: localhost:8000 - GET - /api/v1/events?module=achievements - [::1]:54922
2021/01/02 15:42:05 main.go:22: localhost:8000 - GET - /api/v1/notifications?module=videos - [::1]:54922
2021/01/02 15:42:05 main.go:22: localhost:8000 - GET - /api/v1/notifications?module=banner - [::1]:54922
2021/01/02 15:42:05 main.go:22: localhost:8000 - GET - /api/v1/notifications?module=notification - [::1]:54922
2021/01/02 15:42:05 main.go:22: localhost:8000 - GET - /api/v1/events?module=principal - [::1]:54922
2021/01/02 15:42:05 main.go:22: localhost:8000 - GET - /api/v1/students?module=12 - [::1]:54922
2021/01/02 15:42:05 main.go:22: localhost:8000 - GET - /api/v1/students?module=10 - [::1]:54922
2021/01/02 15:42:22 main.go:22: localhost:8000 - GET - /api/v1/events?module=events - [::1]:54936
2021/01/02 15:42:22 main.go:22: localhost:8000 - GET - /api/v1/events?module=achievements - [::1]:54936
2021/01/02 15:42:22 main.go:22: localhost:8000 - GET - /api/v1/notifications?module=videos - [::1]:54936
2021/01/02 15:42:22 main.go:22: localhost:8000 - GET - /api/v1/notifications?module=banner - [::1]:54936
2021/01/02 15:42:22 main.go:22: localhost:8000 - GET - /api/v1/notifications?module=notification - [::1]:54936
2021/01/02 15:42:22 main.go:22: localhost:8000 - GET - /api/v1/events?module=principal - [::1]:54936
2021/01/02 15:42:22 main.go:22: localhost:8000 - GET - /api/v1/students?module=12 - [::1]:54936
2021/01/02 15:42:22 main.go:22: localhost:8000 - GET - /api/v1/students?module=10 - [::1]:54936
2021/01/02 15:42:27 main.go:22: localhost:8000 - GET - /api/v1/events?module=events - [::1]:54936
2021/01/02 15:42:27 main.go:22: localhost:8000 - GET - /api/v1/events?module=achievements - [::1]:54936
2021/01/02 15:42:27 main.go:22: localhost:8000 - GET - /api/v1/notifications?module=videos - [::1]:54936
2021/01/02 15:42:27 main.go:22: localhost:8000 - GET - /api/v1/notifications?module=banner - [::1]:54936
2021/01/02 15:42:27 main.go:22: localhost:8000 - GET - /api/v1/notifications?module=notification - [::1]:54936
2021/01/02 15:42:27 main.go:22: localhost:8000 - GET - /api/v1/events?module=principal - [::1]:54936
2021/01/02 15:42:27 main.go:22: localhost:8000 - GET - /api/v1/students?module=12 - [::1]:54936
2021/01/02 15:42:27 main.go:22: localhost:8000 - GET - /api/v1/students?module=10 - [::1]:54936
2021/01/02 15:43:35 main.go:22: localhost:8000 - GET - /api/v1/events?module=events - [::1]:54992
2021/01/02 15:43:35 main.go:22: localhost:8000 - GET - /api/v1/events?module=achievements - [::1]:54992
2021/01/02 15:43:35 main.go:22: localhost:8000 - GET - /api/v1/notifications?module=videos - [::1]:54992
2021/01/02 15:43:35 main.go:22: localhost:8000 - GET - /api/v1/notifications?module=banner - [::1]:54992
2021/01/02 15:43:36 main.go:22: localhost:8000 - GET - /api/v1/notifications?module=notification - [::1]:54992
2021/01/02 15:43:36 main.go:22: localhost:8000 - GET - /api/v1/events?module=principal - [::1]:54992
2021/01/02 15:43:36 main.go:22: localhost:8000 - GET - /api/v1/students?module=12 - [::1]:54992
2021/01/02 15:43:36 main.go:22: localhost:8000 - GET - /api/v1/students?module=10 - [::1]:54992
2021/01/02 15:44:09 main.go:22: localhost:8000 - GET - /api/v1/events?module=events - [::1]:55022
2021/01/02 15:44:09 main.go:22: localhost:8000 - GET - /api/v1/events?module=achievements - [::1]:55022
2021/01/02 15:44:09 main.go:22: localhost:8000 - GET - /api/v1/notifications?module=videos - [::1]:55022
2021/01/02 15:44:09 main.go:22: localhost:8000 - GET - /api/v1/notifications?module=banner - [::1]:55022
2021/01/02 15:44:09 main.go:22: localhost:8000 - GET - /api/v1/notifications?module=notification - [::1]:55022
2021/01/02 15:44:09 main.go:22: localhost:8000 - GET - /api/v1/events?module=principal - [::1]:55022
2021/01/02 15:44:09 main.go:22: localhost:8000 - GET - /api/v1/students?module=12 - [::1]:55022
2021/01/02 15:44:09 main.go:22: localhost:8000 - GET - /api/v1/students?module=10 - [::1]:55022
2021/01/02 15:44:14 main.go:22: localhost:8000 - GET - /api/v1/events?module=events - [::1]:55022
2021/01/02 15:44:14 main.go:22: localhost:8000 - GET - /api/v1/events?module=achievements - [::1]:55022
2021/01/02 15:44:14 main.go:22: localhost:8000 - GET - /api/v1/notifications?module=videos - [::1]:55022
2021/01/02 15:44:14 main.go:22: localhost:8000 - GET - /api/v1/notifications?module=banner - [::1]:55022
2021/01/02 15:44:14 main.go:22: localhost:8000 - GET - /api/v1/notifications?module=notification - [::1]:55022
2021/01/02 15:44:14 main.go:22: localhost:8000 - GET - /api/v1/events?module=principal - [::1]:55022
2021/01/02 15:44:14 main.go:22: localhost:8000 - GET - /api/v1/students?module=12 - [::1]:55022
2021/01/02 15:44:14 main.go:22: localhost:8000 - GET - /api/v1/students?module=10 - [::1]:55022
2021/01/02 15:44:35 main.go:22: localhost:8000 - GET - /api/v1/events?module=events - [::1]:55029
2021/01/02 15:44:35 main.go:22: localhost:8000 - GET - /api/v1/events?module=achievements - [::1]:55029
2021/01/02 15:44:35 main.go:22: localhost:8000 - GET - /api/v1/notifications?module=videos - [::1]:55029
2021/01/02 15:44:35 main.go:22: localhost:8000 - GET - /api/v1/notifications?module=banner - [::1]:55029
2021/01/02 15:44:35 main.go:22: localhost:8000 - GET - /api/v1/notifications?module=notification - [::1]:55029
2021/01/02 15:44:36 main.go:22: localhost:8000 - GET - /api/v1/events?module=principal - [::1]:55029
2021/01/02 15:44:36 main.go:22: localhost:8000 - GET - /api/v1/students?module=12 - [::1]:55029
2021/01/02 15:44:36 main.go:22: localhost:8000 - GET - /api/v1/students?module=10 - [::1]:55029
2021/01/02 15:45:01 main.go:22: localhost:8000 - GET - /api/v1/events?module=achievements - [::1]:55029
2021/01/02 15:45:06 main.go:22: localhost:8000 - GET - /api/v1/events?module=events - [::1]:55029
2021/01/02 15:46:52 main.go:22: localhost:8000 - GET - /api/v1/events?module=events - [::1]:55092
2021/01/02 15:46:52 main.go:22: localhost:8000 - GET - /api/v1/students?module=10 - [::1]:55092
2021/01/02 15:46:52 main.go:22: localhost:8000 - GET - /api/v1/events?module=principal - [::1]:55092
2021/01/02 15:46:52 main.go:22: localhost:8000 - GET - /api/v1/notifications?module=banner - [::1]:55092
2021/01/02 15:46:52 main.go:22: localhost:8000 - GET - /api/v1/students?module=12 - [::1]:55092
2021/01/02 15:46:52 main.go:22: localhost:8000 - GET - /api/v1/events?module=achievements - [::1]:55092
2021/01/02 15:46:52 main.go:22: localhost:8000 - GET - /api/v1/notifications?module=videos - [::1]:55092
2021/01/02 15:46:52 main.go:22: localhost:8000 - GET - /api/v1/notifications?module=notification - [::1]:55092
2021/01/02 15:48:14 main.go:22: localhost:8000 - GET - /api/v1/events?module=events - [::1]:55136
2021/01/02 15:48:14 main.go:22: localhost:8000 - GET - /api/v1/events?module=achievements - [::1]:55136
2021/01/02 15:48:14 main.go:22: localhost:8000 - GET - /api/v1/notifications?module=videos - [::1]:55136
2021/01/02 15:48:14 main.go:22: localhost:8000 - GET - /api/v1/notifications?module=banner - [::1]:55136
2021/01/02 15:48:15 main.go:22: localhost:8000 - GET - /api/v1/notifications?module=notification - [::1]:55136
2021/01/02 15:48:15 main.go:22: localhost:8000 - GET - /api/v1/events?module=principal - [::1]:55136
2021/01/02 15:48:15 main.go:22: localhost:8000 - GET - /api/v1/students?module=12 - [::1]:55136
2021/01/02 15:48:15 main.go:22: localhost:8000 - GET - /api/v1/students?module=10 - [::1]:55136
2021/01/02 16:11:44 main.go:22: localhost:8000 - GET - /api/v1/events?module=events - [::1]:56003
2021/01/02 16:11:44 main.go:22: localhost:8000 - GET - /api/v1/events?module=achievements - [::1]:56003
2021/01/02 16:11:44 main.go:22: localhost:8000 - GET - /api/v1/notifications?module=videos - [::1]:56003
2021/01/02 16:11:44 main.go:22: localhost:8000 - GET - /api/v1/notifications?module=banner - [::1]:56003
2021/01/02 16:11:44 main.go:22: localhost:8000 - GET - /api/v1/notifications?module=notification - [::1]:56003
2021/01/02 16:11:45 main.go:22: localhost:8000 - GET - /api/v1/events?module=principal - [::1]:56003
2021/01/02 16:11:45 main.go:22: localhost:8000 - GET - /api/v1/students?module=12 - [::1]:56003
2021/01/02 16:11:45 main.go:22: localhost:8000 - GET - /api/v1/students?module=10 - [::1]:56003
2021/01/02 16:12:13 main.go:22: localhost:8000 - GET - /api/v1/events?module=events - [::1]:56003
2021/01/02 16:12:13 main.go:22: localhost:8000 - GET - /api/v1/events?module=achievements - [::1]:56003
2021/01/02 16:12:13 main.go:22: localhost:8000 - GET - /api/v1/notifications?module=videos - [::1]:56003
2021/01/02 16:12:13 main.go:22: localhost:8000 - GET - /api/v1/notifications?module=banner - [::1]:56003
2021/01/02 16:12:13 main.go:22: localhost:8000 - GET - /api/v1/notifications?module=notification - [::1]:56003
2021/01/02 16:12:13 main.go:22: localhost:8000 - GET - /api/v1/events?module=principal - [::1]:56003
2021/01/02 16:12:13 main.go:22: localhost:8000 - GET - /api/v1/students?module=12 - [::1]:56003
2021/01/02 16:12:13 main.go:22: localhost:8000 - GET - /api/v1/students?module=10 - [::1]:56003
2021/01/02 16:12:15 main.go:22: localhost:8000 - GET - /api/v1/events?module=events - [::1]:56003
2021/01/02 16:12:19 main.go:22: localhost:8000 - GET - /api/v1/events?module=events - [::1]:56003
2021/01/02 16:12:19 main.go:22: localhost:8000 - GET - /api/v1/events?module=achievements - [::1]:56003
2021/01/02 16:12:19 main.go:22: localhost:8000 - GET - /api/v1/notifications?module=videos - [::1]:56003
2021/01/02 16:12:19 main.go:22: localhost:8000 - GET - /api/v1/notifications?module=banner - [::1]:56003
2021/01/02 16:12:19 main.go:22: localhost:8000 - GET - /api/v1/notifications?module=notification - [::1]:56003
2021/01/02 16:12:19 main.go:22: localhost:8000 - GET - /api/v1/events?module=principal - [::1]:56003
2021/01/02 16:12:19 main.go:22: localhost:8000 - GET - /api/v1/students?module=12 - [::1]:56003
2021/01/02 16:12:19 main.go:22: localhost:8000 - GET - /api/v1/students?module=10 - [::1]:56003
2021/01/02 16:13:13 main.go:22: localhost:8000 - GET - /api/v1/events?module=events - [::1]:56053
2021/01/02 16:15:25 main.go:22: localhost:8000 - GET - /api/v1/events?module=events - [::1]:56128
2021/01/02 16:15:25 main.go:22: localhost:8000 - GET - /api/v1/events?module=achievements - [::1]:56128
2021/01/02 16:15:25 main.go:22: localhost:8000 - GET - /api/v1/notifications?module=videos - [::1]:56128
2021/01/02 16:15:25 main.go:22: localhost:8000 - GET - /api/v1/notifications?module=banner - [::1]:56128
2021/01/02 16:15:25 main.go:22: localhost:8000 - GET - /api/v1/notifications?module=notification - [::1]:56128
2021/01/02 16:15:25 main.go:22: localhost:8000 - GET - /api/v1/events?module=principal - [::1]:56128
2021/01/02 16:15:25 main.go:22: localhost:8000 - GET - /api/v1/students?module=12 - [::1]:56128
2021/01/02 16:15:25 main.go:22: localhost:8000 - GET - /api/v1/students?module=10 - [::1]:56128
2021/01/02 16:15:41 main.go:22: localhost:8000 - GET - /api/v1/notifications?module=notification - [::1]:56128
2021/01/02 16:15:48 main.go:22: localhost:8000 - GET - /api/v1/events?module=events - [::1]:56128
2021/01/02 16:15:48 main.go:22: localhost:8000 - GET - /api/v1/events?module=achievements - [::1]:56128
2021/01/02 16:15:48 main.go:22: localhost:8000 - GET - /api/v1/notifications?module=videos - [::1]:56128
2021/01/02 16:15:48 main.go:22: localhost:8000 - GET - /api/v1/notifications?module=banner - [::1]:56128
2021/01/02 16:15:48 main.go:22: localhost:8000 - GET - /api/v1/notifications?module=notification - [::1]:56128
2021/01/02 16:15:49 main.go:22: localhost:8000 - GET - /api/v1/events?module=principal - [::1]:56128
2021/01/02 16:15:49 main.go:22: localhost:8000 - GET - /api/v1/students?module=12 - [::1]:56128
2021/01/02 16:15:49 main.go:22: localhost:8000 - GET - /api/v1/students?module=10 - [::1]:56128
2021/01/02 16:16:05 main.go:22: localhost:8000 - GET - /api/v1/events?module=events - [::1]:56128
2021/01/02 16:16:05 main.go:22: localhost:8000 - GET - /api/v1/events?module=achievements - [::1]:56128
2021/01/02 16:16:05 main.go:22: localhost:8000 - GET - /api/v1/notifications?module=videos - [::1]:56128
2021/01/02 16:16:05 main.go:22: localhost:8000 - GET - /api/v1/notifications?module=banner - [::1]:56128
2021/01/02 16:16:06 main.go:22: localhost:8000 - GET - /api/v1/notifications?module=notification - [::1]:56128
2021/01/02 16:16:06 main.go:22: localhost:8000 - GET - /api/v1/events?module=principal - [::1]:56128
2021/01/02 16:16:06 main.go:22: localhost:8000 - GET - /api/v1/students?module=12 - [::1]:56128
2021/01/02 16:16:06 main.go:22: localhost:8000 - GET - /api/v1/students?module=10 - [::1]:56128
2021/01/02 16:16:20 main.go:22: localhost:8000 - GET - /api/v1/events?module=events - [::1]:56128
2021/01/02 16:16:20 main.go:22: localhost:8000 - GET - /api/v1/events?module=achievements - [::1]:56128
2021/01/02 16:16:20 main.go:22: localhost:8000 - GET - /api/v1/notifications?module=videos - [::1]:56128
2021/01/02 16:16:20 main.go:22: localhost:8000 - GET - /api/v1/notifications?module=banner - [::1]:56128
2021/01/02 16:16:20 main.go:22: localhost:8000 - GET - /api/v1/notifications?module=notification - [::1]:56128
2021/01/02 16:16:20 main.go:22: localhost:8000 - GET - /api/v1/events?module=principal - [::1]:56128
2021/01/02 16:16:20 main.go:22: localhost:8000 - GET - /api/v1/students?module=12 - [::1]:56128
2021/01/02 16:16:20 main.go:22: localhost:8000 - GET - /api/v1/students?module=10 - [::1]:56128
2021/01/02 16:16:33 main.go:22: localhost:8000 - GET - /api/v1/events?module=events - [::1]:56128
2021/01/02 16:16:33 main.go:22: localhost:8000 - GET - /api/v1/events?module=achievements - [::1]:56128
2021/01/02 16:16:33 main.go:22: localhost:8000 - GET - /api/v1/notifications?module=videos - [::1]:56128
2021/01/02 16:16:33 main.go:22: localhost:8000 - GET - /api/v1/notifications?module=banner - [::1]:56128
2021/01/02 16:16:33 main.go:22: localhost:8000 - GET - /api/v1/notifications?module=notification - [::1]:56128
2021/01/02 16:16:33 main.go:22: localhost:8000 - GET - /api/v1/events?module=principal - [::1]:56128
2021/01/02 16:16:33 main.go:22: localhost:8000 - GET - /api/v1/students?module=12 - [::1]:56128
2021/01/02 16:16:33 main.go:22: localhost:8000 - GET - /api/v1/students?module=10 - [::1]:56128
2021/01/02 16:16:36 main.go:22: localhost:8000 - GET - /api/v1/events?module=events - [::1]:56128
2021/01/02 16:16:36 main.go:22: localhost:8000 - GET - /api/v1/events?module=achievements - [::1]:56128
2021/01/02 16:16:36 main.go:22: localhost:8000 - GET - /api/v1/notifications?module=videos - [::1]:56128
2021/01/02 16:16:36 main.go:22: localhost:8000 - GET - /api/v1/notifications?module=banner - [::1]:56128
2021/01/02 16:16:37 main.go:22: localhost:8000 - GET - /api/v1/notifications?module=notification - [::1]:56128
2021/01/02 16:16:37 main.go:22: localhost:8000 - GET - /api/v1/events?module=principal - [::1]:56128
2021/01/02 16:16:37 main.go:22: localhost:8000 - GET - /api/v1/students?module=12 - [::1]:56128
2021/01/02 16:16:37 main.go:22: localhost:8000 - GET - /api/v1/students?module=10 - [::1]:56128
2021/01/02 16:16:47 main.go:22: localhost:8000 - GET - /api/v1/events?module=achievements - [::1]:56128
2021/01/02 16:16:51 main.go:22: localhost:8000 - GET - /api/v1/events?module=achievements - [::1]:56128
2021/01/02 16:17:31 main.go:22: localhost:8000 - GET - /api/v1/events?module=achievements - [::1]:56305
2021/01/02 16:17:41 main.go:22: localhost:8000 - GET - /api/v1/events/10005 - [::1]:56305
2021/01/02 16:17:53 main.go:22: localhost:8000 - GET - /api/v1/events?module=events - [::1]:56305
2021/01/02 16:17:53 main.go:22: localhost:8000 - GET - /api/v1/events?module=achievements - [::1]:56305
2021/01/02 16:17:53 main.go:22: localhost:8000 - GET - /api/v1/notifications?module=videos - [::1]:56305
2021/01/02 16:17:53 main.go:22: localhost:8000 - GET - /api/v1/notifications?module=banner - [::1]:56305
2021/01/02 16:17:53 main.go:22: localhost:8000 - GET - /api/v1/notifications?module=notification - [::1]:56305
2021/01/02 16:17:53 main.go:22: localhost:8000 - GET - /api/v1/events?module=principal - [::1]:56305
2021/01/02 16:17:54 main.go:22: localhost:8000 - GET - /api/v1/students?module=12 - [::1]:56305
2021/01/02 16:17:54 main.go:22: localhost:8000 - GET - /api/v1/students?module=10 - [::1]:56305
2021/01/02 16:18:53 main.go:22: localhost:8000 - GET - /api/v1/events?module=events - [::1]:56362
2021/01/02 16:18:53 main.go:22: localhost:8000 - GET - /api/v1/events?module=achievements - [::1]:56362
2021/01/02 16:18:53 main.go:22: localhost:8000 - GET - /api/v1/notifications?module=videos - [::1]:56362
2021/01/02 16:18:53 main.go:22: localhost:8000 - GET - /api/v1/notifications?module=banner - [::1]:56362
2021/01/02 16:18:54 main.go:22: localhost:8000 - GET - /api/v1/notifications?module=notification - [::1]:56362
2021/01/02 16:18:54 main.go:22: localhost:8000 - GET - /api/v1/events?module=principal - [::1]:56362
2021/01/02 16:18:54 main.go:22: localhost:8000 - GET - /api/v1/students?module=12 - [::1]:56362
2021/01/02 16:18:54 main.go:22: localhost:8000 - GET - /api/v1/students?module=10 - [::1]:56362
2021/01/02 16:19:41 main.go:22: localhost:8000 - GET - /api/v1/events?module=events - [::1]:56398
2021/01/02 16:19:47 main.go:22: localhost:8000 - GET - /api/v1/notifications?module=videos - [::1]:56398
2021/01/02 16:19:59 main.go:22: localhost:8000 - GET - /api/v1/events?module=achievements - [::1]:56398
2021/01/02 16:20:05 main.go:22: localhost:8000 - GET - /api/v1/events?module=events - [::1]:56398
2021/01/02 16:20:05 main.go:22: localhost:8000 - GET - /api/v1/events?module=achievements - [::1]:56398
2021/01/02 16:20:05 main.go:22: localhost:8000 - GET - /api/v1/notifications?module=videos - [::1]:56398
2021/01/02 16:20:05 main.go:22: localhost:8000 - GET - /api/v1/notifications?module=banner - [::1]:56398
2021/01/02 16:20:05 main.go:22: localhost:8000 - GET - /api/v1/notifications?module=notification - [::1]:56398
2021/01/02 16:20:05 main.go:22: localhost:8000 - GET - /api/v1/events?module=principal - [::1]:56398
2021/01/02 16:20:05 main.go:22: localhost:8000 - GET - /api/v1/students?module=12 - [::1]:56398
2021/01/02 16:20:05 main.go:22: localhost:8000 - GET - /api/v1/students?module=10 - [::1]:56398
2021/01/02 19:30:38 main.go:22: localhost:8000 - GET - /api/v1/events?module=events - [::1]:63613
2021/01/02 19:30:38 main.go:22: localhost:8000 - GET - /api/v1/events?module=achievements - [::1]:63613
2021/01/02 19:30:38 main.go:22: localhost:8000 - GET - /api/v1/notifications?module=videos - [::1]:63613
2021/01/02 19:30:38 main.go:22: localhost:8000 - GET - /api/v1/notifications?module=banner - [::1]:63613
2021/01/02 19:30:39 main.go:22: localhost:8000 - GET - /api/v1/notifications?module=notification - [::1]:63613
2021/01/02 19:30:39 main.go:22: localhost:8000 - GET - /api/v1/events?module=principal - [::1]:63613
2021/01/02 19:30:39 main.go:22: localhost:8000 - GET - /api/v1/students?module=12 - [::1]:63613
2021/01/02 19:30:39 main.go:22: localhost:8000 - GET - /api/v1/students?module=10 - [::1]:63613
2021/01/02 19:31:00 main.go:22: localhost:8000 - GET - /api/v1/events/10005 - [::1]:63613
2021/01/02 19:31:05 main.go:22: localhost:8000 - GET - /api/v1/events?module=events - [::1]:63613
2021/01/02 19:31:05 main.go:22: localhost:8000 - GET - /api/v1/events?module=achievements - [::1]:63613
2021/01/02 19:31:05 main.go:22: localhost:8000 - GET - /api/v1/notifications?module=videos - [::1]:63613
2021/01/02 19:31:05 main.go:22: localhost:8000 - GET - /api/v1/notifications?module=banner - [::1]:63613
2021/01/02 19:31:05 main.go:22: localhost:8000 - GET - /api/v1/notifications?module=notification - [::1]:63613
2021/01/02 19:31:05 main.go:22: localhost:8000 - GET - /api/v1/events?module=principal - [::1]:63613
2021/01/02 19:31:05 main.go:22: localhost:8000 - GET - /api/v1/students?module=12 - [::1]:63613
2021/01/02 19:31:05 main.go:22: localhost:8000 - GET - /api/v1/students?module=10 - [::1]:63613
2021/01/02 19:31:35 main.go:22: localhost:8000 - GET - /api/v1/events?module=events - [::1]:63681
2021/01/02 19:31:35 main.go:22: localhost:8000 - GET - /api/v1/events?module=principal - [::1]:63681
2021/01/02 19:31:35 main.go:22: localhost:8000 - GET - /api/v1/notifications?module=notification - [::1]:63681
2021/01/02 19:31:35 main.go:22: localhost:8000 - GET - /api/v1/notifications?module=videos - [::1]:63681
2021/01/02 19:31:35 main.go:22: localhost:8000 - GET - /api/v1/students?module=12 - [::1]:63681
2021/01/02 19:31:35 main.go:22: localhost:8000 - GET - /api/v1/notifications?module=banner - [::1]:63681
2021/01/02 19:31:35 main.go:22: localhost:8000 - GET - /api/v1/events?module=achievements - [::1]:63681
2021/01/02 19:31:35 main.go:22: localhost:8000 - GET - /api/v1/students?module=10 - [::1]:63681
2021/01/02 19:31:37 main.go:22: localhost:8000 - GET - /api/v1/notifications?module=notification - [::1]:63681
2021/01/02 19:32:48 main.go:22: localhost:8000 - GET - /api/v1/events?module=events - [::1]:63721
2021/01/02 19:32:48 main.go:22: localhost:8000 - GET - /api/v1/events?module=achievements - [::1]:63721
2021/01/02 19:32:48 main.go:22: localhost:8000 - GET - /api/v1/notifications?module=videos - [::1]:63721
2021/01/02 19:32:48 main.go:22: localhost:8000 - GET - /api/v1/notifications?module=banner - [::1]:63721
2021/01/02 19:32:48 main.go:22: localhost:8000 - GET - /api/v1/notifications?module=notification - [::1]:63721
2021/01/02 19:32:48 main.go:22: localhost:8000 - GET - /api/v1/events?module=principal - [::1]:63721
2021/01/02 19:32:49 main.go:22: localhost:8000 - GET - /api/v1/students?module=12 - [::1]:63721
2021/01/02 19:32:49 main.go:22: localhost:8000 - GET - /api/v1/students?module=10 - [::1]:63721
2021/01/02 19:32:58 main.go:22: localhost:8000 - GET - /api/v1/events?module=events - [::1]:63721
2021/01/02 19:32:58 main.go:22: localhost:8000 - GET - /api/v1/events?module=achievements - [::1]:63721
2021/01/02 19:32:58 main.go:22: localhost:8000 - GET - /api/v1/notifications?module=videos - [::1]:63721
2021/01/02 19:32:58 main.go:22: localhost:8000 - GET - /api/v1/notifications?module=banner - [::1]:63721
2021/01/02 19:32:58 main.go:22: localhost:8000 - GET - /api/v1/notifications?module=notification - [::1]:63721
2021/01/02 19:32:59 main.go:22: localhost:8000 - GET - /api/v1/events?module=principal - [::1]:63721
2021/01/02 19:32:59 main.go:22: localhost:8000 - GET - /api/v1/students?module=12 - [::1]:63721
2021/01/02 19:32:59 main.go:22: localhost:8000 - GET - /api/v1/students?module=10 - [::1]:63721
2021/01/02 19:33:00 main.go:22: localhost:8000 - GET - /api/v1/events?module=events - [::1]:63721
2021/01/02 19:33:00 main.go:22: localhost:8000 - GET - /api/v1/events?module=achievements - [::1]:63721
2021/01/02 19:33:00 main.go:22: localhost:8000 - GET - /api/v1/notifications?module=videos - [::1]:63721
2021/01/02 19:33:00 main.go:22: localhost:8000 - GET - /api/v1/notifications?module=banner - [::1]:63721
2021/01/02 19:33:01 main.go:22: localhost:8000 - GET - /api/v1/notifications?module=notification - [::1]:63721
2021/01/02 19:33:01 main.go:22: localhost:8000 - GET - /api/v1/events?module=principal - [::1]:63721
2021/01/02 19:33:01 main.go:22: localhost:8000 - GET - /api/v1/students?module=12 - [::1]:63721
2021/01/02 19:33:01 main.go:22: localhost:8000 - GET - /api/v1/students?module=10 - [::1]:63721
2021/01/02 19:33:05 main.go:22: localhost:8000 - GET - /api/v1/events?module=events - [::1]:63721
2021/01/02 19:33:05 main.go:22: localhost:8000 - GET - /api/v1/events?module=achievements - [::1]:63721
2021/01/02 19:33:05 main.go:22: localhost:8000 - GET - /api/v1/notifications?module=videos - [::1]:63721
2021/01/02 19:33:05 main.go:22: localhost:8000 - GET - /api/v1/notifications?module=banner - [::1]:63721
2021/01/02 19:33:06 main.go:22: localhost:8000 - GET - /api/v1/notifications?module=notification - [::1]:63721
2021/01/02 19:33:07 main.go:22: localhost:8000 - GET - /api/v1/events?module=principal - [::1]:63721
2021/01/02 19:33:07 main.go:22: localhost:8000 - GET - /api/v1/students?module=12 - [::1]:63721
2021/01/02 19:33:07 main.go:22: localhost:8000 - GET - /api/v1/students?module=10 - [::1]:63721
2021/01/02 19:35:52 main.go:22: localhost:8000 - GET - /api/v1/events?module=events - [::1]:63852
2021/01/02 19:35:52 main.go:22: localhost:8000 - GET - /api/v1/events?module=achievements - [::1]:63852
2021/01/02 19:35:52 main.go:22: localhost:8000 - GET - /api/v1/notifications?module=videos - [::1]:63852
2021/01/02 19:35:52 main.go:22: localhost:8000 - GET - /api/v1/notifications?module=banner - [::1]:63852
2021/01/02 19:35:52 main.go:22: localhost:8000 - GET - /api/v1/notifications?module=notification - [::1]:63852
2021/01/02 19:35:53 main.go:22: localhost:8000 - GET - /api/v1/events?module=principal - [::1]:63852
2021/01/02 19:35:53 main.go:22: localhost:8000 - GET - /api/v1/students?module=12 - [::1]:63852
2021/01/02 19:35:53 main.go:22: localhost:8000 - GET - /api/v1/students?module=10 - [::1]:63852
2021/01/02 19:36:14 main.go:22: localhost:8000 - GET - /api/v1/events?module=events - [::1]:63852
2021/01/02 19:36:14 main.go:22: localhost:8000 - GET - /api/v1/events?module=achievements - [::1]:63852
2021/01/02 19:36:14 main.go:22: localhost:8000 - GET - /api/v1/notifications?module=videos - [::1]:63852
2021/01/02 19:36:14 main.go:22: localhost:8000 - GET - /api/v1/notifications?module=banner - [::1]:63852
2021/01/02 19:36:15 main.go:22: localhost:8000 - GET - /api/v1/notifications?module=notification - [::1]:63852
2021/01/02 19:36:15 main.go:22: localhost:8000 - GET - /api/v1/events?module=principal - [::1]:63852
2021/01/02 19:36:15 main.go:22: localhost:8000 - GET - /api/v1/students?module=12 - [::1]:63852
2021/01/02 19:36:15 main.go:22: localhost:8000 - GET - /api/v1/students?module=10 - [::1]:63852
2021/01/02 19:36:49 main.go:22: localhost:8000 - GET - /api/v1/events?module=events - [::1]:63897
2021/01/02 19:36:49 main.go:22: localhost:8000 - GET - /api/v1/events?module=achievements - [::1]:63897
2021/01/02 19:36:49 main.go:22: localhost:8000 - GET - /api/v1/notifications?module=videos - [::1]:63897
2021/01/02 19:36:49 main.go:22: localhost:8000 - GET - /api/v1/notifications?module=banner - [::1]:63897
2021/01/02 19:36:50 main.go:22: localhost:8000 - GET - /api/v1/notifications?module=notification - [::1]:63897
2021/01/02 19:36:50 main.go:22: localhost:8000 - GET - /api/v1/events?module=principal - [::1]:63897
2021/01/02 19:36:50 main.go:22: localhost:8000 - GET - /api/v1/students?module=12 - [::1]:63897
2021/01/02 19:36:50 main.go:22: localhost:8000 - GET - /api/v1/students?module=10 - [::1]:63897
2021/01/02 19:37:36 main.go:22: localhost:8000 - GET - /api/v1/events?module=events - [::1]:63916
2021/01/02 19:37:36 main.go:22: localhost:8000 - GET - /api/v1/events?module=achievements - [::1]:63916
2021/01/02 19:37:36 main.go:22: localhost:8000 - GET - /api/v1/notifications?module=videos - [::1]:63916
2021/01/02 19:37:36 main.go:22: localhost:8000 - GET - /api/v1/notifications?module=banner - [::1]:63916
2021/01/02 19:37:37 main.go:22: localhost:8000 - GET - /api/v1/notifications?module=notification - [::1]:63916
2021/01/02 19:37:38 main.go:22: localhost:8000 - GET - /api/v1/events?module=principal - [::1]:63916
2021/01/02 19:37:38 main.go:22: localhost:8000 - GET - /api/v1/students?module=12 - [::1]:63916
2021/01/02 19:37:38 main.go:22: localhost:8000 - GET - /api/v1/students?module=10 - [::1]:63916
2021/01/02 19:37:47 main.go:22: localhost:8000 - GET - /api/v1/events?module=events - [::1]:63916
2021/01/02 19:37:47 main.go:22: localhost:8000 - GET - /api/v1/events?module=achievements - [::1]:63916
2021/01/02 19:37:47 main.go:22: localhost:8000 - GET - /api/v1/notifications?module=videos - [::1]:63916
2021/01/02 19:37:47 main.go:22: localhost:8000 - GET - /api/v1/notifications?module=banner - [::1]:63916
2021/01/02 19:37:48 main.go:22: localhost:8000 - GET - /api/v1/notifications?module=notification - [::1]:63916
2021/01/02 19:37:48 main.go:22: localhost:8000 - GET - /api/v1/events?module=principal - [::1]:63916
2021/01/02 19:37:48 main.go:22: localhost:8000 - GET - /api/v1/students?module=12 - [::1]:63916
2021/01/02 19:37:48 main.go:22: localhost:8000 - GET - /api/v1/students?module=10 - [::1]:63916
2021/01/02 19:38:34 main.go:22: localhost:8000 - GET - /api/v1/events?module=events - [::1]:63956
2021/01/02 19:38:34 main.go:22: localhost:8000 - GET - /api/v1/events?module=achievements - [::1]:63956
2021/01/02 19:38:34 main.go:22: localhost:8000 - GET - /api/v1/notifications?module=videos - [::1]:63956
2021/01/02 19:38:34 main.go:22: localhost:8000 - GET - /api/v1/notifications?module=banner - [::1]:63956
2021/01/02 19:38:35 main.go:22: localhost:8000 - GET - /api/v1/notifications?module=notification - [::1]:63956
2021/01/02 19:38:40 main.go:22: localhost:8000 - GET - /api/v1/events?module=events - [::1]:63956
2021/01/02 19:38:40 main.go:22: localhost:8000 - GET - /api/v1/events?module=achievements - [::1]:63956
2021/01/02 19:38:40 main.go:22: localhost:8000 - GET - /api/v1/notifications?module=videos - [::1]:63956
2021/01/02 19:38:40 main.go:22: localhost:8000 - GET - /api/v1/notifications?module=banner - [::1]:63956
2021/01/02 19:38:41 main.go:22: localhost:8000 - GET - /api/v1/notifications?module=notification - [::1]:63956
2021/01/02 19:38:41 main.go:22: localhost:8000 - GET - /api/v1/events?module=principal - [::1]:63956
2021/01/02 19:38:41 main.go:22: localhost:8000 - GET - /api/v1/students?module=12 - [::1]:63956
2021/01/02 19:38:41 main.go:22: localhost:8000 - GET - /api/v1/students?module=10 - [::1]:63956
2021/01/02 19:39:09 main.go:22: localhost:8000 - GET - /api/v1/events?module=events - [::1]:63977
2021/01/02 19:39:09 main.go:22: localhost:8000 - GET - /api/v1/events?module=achievements - [::1]:63977
2021/01/02 19:39:09 main.go:22: localhost:8000 - GET - /api/v1/notifications?module=videos - [::1]:63977
2021/01/02 19:39:09 main.go:22: localhost:8000 - GET - /api/v1/notifications?module=banner - [::1]:63977
2021/01/02 19:39:10 main.go:22: localhost:8000 - GET - /api/v1/notifications?module=notification - [::1]:63977
2021/01/02 19:39:10 main.go:22: localhost:8000 - GET - /api/v1/events?module=principal - [::1]:63977
2021/01/02 19:39:10 main.go:22: localhost:8000 - GET - /api/v1/students?module=12 - [::1]:63977
2021/01/02 19:39:10 main.go:22: localhost:8000 - GET - /api/v1/students?module=10 - [::1]:63977
2021/01/02 19:40:02 main.go:22: localhost:8000 - GET - /api/v1/events?module=events - [::1]:64008
2021/01/02 19:40:02 main.go:22: localhost:8000 - GET - /api/v1/events?module=achievements - [::1]:64008
2021/01/02 19:40:02 main.go:22: localhost:8000 - GET - /api/v1/notifications?module=videos - [::1]:64008
2021/01/02 19:40:02 main.go:22: localhost:8000 - GET - /api/v1/notifications?module=banner - [::1]:64008
2021/01/02 19:40:03 main.go:22: localhost:8000 - GET - /api/v1/notifications?module=notification - [::1]:64008
2021/01/02 19:40:03 main.go:22: localhost:8000 - GET - /api/v1/events?module=principal - [::1]:64008
2021/01/02 19:40:03 main.go:22: localhost:8000 - GET - /api/v1/students?module=12 - [::1]:64008
2021/01/02 19:40:03 main.go:22: localhost:8000 - GET - /api/v1/students?module=10 - [::1]:64008
2021/01/02 19:40:04 main.go:22: localhost:8000 - GET - /api/v1/events?module=events - [::1]:64008
2021/01/02 19:40:04 main.go:22: localhost:8000 - GET - /api/v1/events?module=achievements - [::1]:64008
2021/01/02 19:40:04 main.go:22: localhost:8000 - GET - /api/v1/notifications?module=videos - [::1]:64008
2021/01/02 19:40:04 main.go:22: localhost:8000 - GET - /api/v1/notifications?module=banner - [::1]:64008
2021/01/02 19:40:05 main.go:22: localhost:8000 - GET - /api/v1/notifications?module=notification - [::1]:64008
2021/01/02 19:40:10 main.go:22: localhost:8000 - GET - /api/v1/events?module=events - [::1]:64008
2021/01/02 19:40:10 main.go:22: localhost:8000 - GET - /api/v1/events?module=achievements - [::1]:64008
2021/01/02 19:40:10 main.go:22: localhost:8000 - GET - /api/v1/notifications?module=videos - [::1]:64008
2021/01/02 19:40:10 main.go:22: localhost:8000 - GET - /api/v1/notifications?module=banner - [::1]:64008
2021/01/02 19:40:11 main.go:22: localhost:8000 - GET - /api/v1/notifications?module=notification - [::1]:64008
2021/01/02 19:40:11 main.go:22: localhost:8000 - GET - /api/v1/events?module=principal - [::1]:64008
2021/01/02 19:40:11 main.go:22: localhost:8000 - GET - /api/v1/students?module=12 - [::1]:64008
2021/01/02 19:40:11 main.go:22: localhost:8000 - GET - /api/v1/students?module=10 - [::1]:64008
2021/01/02 19:48:34 main.go:22: localhost:8000 - GET - /api/v1/events?module=events - [::1]:64466
2021/01/02 19:48:38 main.go:22: localhost:8000 - GET - /api/v1/events?module=events - [::1]:64466
2021/01/02 19:48:38 main.go:22: localhost:8000 - GET - /api/v1/events?module=achievements - [::1]:64466
2021/01/02 19:48:38 main.go:22: localhost:8000 - GET - /api/v1/notifications?module=videos - [::1]:64466
2021/01/02 19:48:38 main.go:22: localhost:8000 - GET - /api/v1/notifications?module=banner - [::1]:64466
2021/01/02 19:48:38 main.go:22: localhost:8000 - GET - /api/v1/notifications?module=notification - [::1]:64466
2021/01/02 19:48:38 main.go:22: localhost:8000 - GET - /api/v1/events?module=principal - [::1]:64466
2021/01/02 19:48:38 main.go:22: localhost:8000 - GET - /api/v1/students?module=12 - [::1]:64466
2021/01/02 19:48:38 main.go:22: localhost:8000 - GET - /api/v1/students?module=10 - [::1]:64466
2021/01/02 19:50:08 main.go:22: localhost:8000 - GET - /api/v1/notifications?module=notification - [::1]:64558
2021/01/02 19:53:32 main.go:22: localhost:8000 - GET - /api/v1/notifications?module=notification - [::1]:64644
2021/01/02 19:53:45 main.go:22: localhost:8000 - GET - /api/v1/events?module=events - [::1]:64644
2021/01/02 19:53:45 main.go:22: localhost:8000 - GET - /api/v1/events?module=achievements - [::1]:64644
2021/01/02 19:53:45 main.go:22: localhost:8000 - GET - /api/v1/notifications?module=videos - [::1]:64644
2021/01/02 19:53:45 main.go:22: localhost:8000 - GET - /api/v1/notifications?module=banner - [::1]:64644
2021/01/02 19:53:45 main.go:22: localhost:8000 - GET - /api/v1/notifications?module=notification - [::1]:64644
2021/01/02 19:53:45 main.go:22: localhost:8000 - GET - /api/v1/events?module=principal - [::1]:64644
2021/01/02 19:53:45 main.go:22: localhost:8000 - GET - /api/v1/students?module=12 - [::1]:64644
2021/01/02 19:53:45 main.go:22: localhost:8000 - GET - /api/v1/students?module=10 - [::1]:64644
2021/01/02 19:54:01 main.go:22: localhost:8000 - GET - /api/v1/events?module=events - [::1]:64644
2021/01/02 19:54:01 main.go:22: localhost:8000 - GET - /api/v1/events?module=achievements - [::1]:64644
2021/01/02 19:54:01 main.go:22: localhost:8000 - GET - /api/v1/notifications?module=videos - [::1]:64644
2021/01/02 19:54:01 main.go:22: localhost:8000 - GET - /api/v1/notifications?module=banner - [::1]:64644
2021/01/02 19:54:02 main.go:22: localhost:8000 - GET - /api/v1/notifications?module=notification - [::1]:64644
2021/01/02 19:54:02 main.go:22: localhost:8000 - GET - /api/v1/events?module=principal - [::1]:64644
2021/01/02 19:54:02 main.go:22: localhost:8000 - GET - /api/v1/students?module=12 - [::1]:64644
2021/01/02 19:54:02 main.go:22: localhost:8000 - GET - /api/v1/students?module=10 - [::1]:64644
2021/01/02 19:54:19 loginhandler.go:64: Session Establisted for User :
2021/01/02 19:54:19 loginhandler.go:65: 1
2021/01/02 19:54:19 main.go:22: localhost:8000 - GET - /api/v1/notifications?module=notification - [::1]:64644
2021/01/02 19:54:19 main.go:22: localhost:8000 - GET - /api/v1/notifications?module=banner - [::1]:64644
2021/01/02 19:54:19 main.go:22: localhost:8000 - GET - /api/v1/health - [::1]:64644
2021/01/02 19:54:25 main.go:22: localhost:8000 - GET - /api/v1/events?module=principal - [::1]:64644
2021/01/02 19:54:33 main.go:22: localhost:8000 - PUT - /api/v1/events/1 - [::1]:64644
2021/01/02 19:54:33 main.go:22: localhost:8000 - GET - /api/v1/events?module=principal - [::1]:64644
2021/01/02 19:54:37 main.go:22: localhost:8000 - GET - /api/v1/events?module=events - [::1]:64644
2021/01/02 19:54:37 main.go:22: localhost:8000 - GET - /api/v1/events?module=achievements - [::1]:64644
2021/01/02 19:54:37 main.go:22: localhost:8000 - GET - /api/v1/notifications?module=videos - [::1]:64644
2021/01/02 19:54:37 main.go:22: localhost:8000 - GET - /api/v1/notifications?module=banner - [::1]:64644
2021/01/02 19:54:37 main.go:22: localhost:8000 - GET - /api/v1/notifications?module=notification - [::1]:64644
2021/01/02 19:54:37 main.go:22: localhost:8000 - GET - /api/v1/events?module=principal - [::1]:64644
2021/01/02 19:54:37 main.go:22: localhost:8000 - GET - /api/v1/students?module=12 - [::1]:64644
2021/01/02 19:54:37 main.go:22: localhost:8000 - GET - /api/v1/students?module=10 - [::1]:64644
2021/01/02 19:55:06 main.go:22: localhost:8000 - GET - /api/v1/events?module=events - [::1]:64644
2021/01/02 19:55:06 main.go:22: localhost:8000 - GET - /api/v1/events?module=achievements - [::1]:64644
2021/01/02 19:55:06 main.go:22: localhost:8000 - GET - /api/v1/notifications?module=videos - [::1]:64644
2021/01/02 19:55:06 main.go:22: localhost:8000 - GET - /api/v1/notifications?module=banner - [::1]:64644
2021/01/02 19:55:06 main.go:22: localhost:8000 - GET - /api/v1/notifications?module=notification - [::1]:64644
2021/01/02 19:55:06 main.go:22: localhost:8000 - GET - /api/v1/events?module=principal - [::1]:64644
2021/01/02 19:55:07 main.go:22: localhost:8000 - GET - /api/v1/students?module=12 - [::1]:64644
2021/01/02 19:55:07 main.go:22: localhost:8000 - GET - /api/v1/students?module=10 - [::1]:64644
2021/01/02 19:55:27 main.go:22: localhost:8000 - GET - /api/v1/events?module=events - [::1]:64664
2021/01/02 19:55:27 main.go:22: localhost:8000 - GET - /api/v1/events?module=achievements - [::1]:64664
2021/01/02 19:55:27 main.go:22: localhost:8000 - GET - /api/v1/notifications?module=videos - [::1]:64664
2021/01/02 19:55:27 main.go:22: localhost:8000 - GET - /api/v1/notifications?module=banner - [::1]:64664
2021/01/02 19:55:28 main.go:22: localhost:8000 - GET - /api/v1/notifications?module=notification - [::1]:64664
2021/01/02 19:55:28 main.go:22: localhost:8000 - GET - /api/v1/events?module=principal - [::1]:64664
2021/01/02 19:55:28 main.go:22: localhost:8000 - GET - /api/v1/students?module=12 - [::1]:64664
2021/01/02 19:55:28 main.go:22: localhost:8000 - GET - /api/v1/students?module=10 - [::1]:64664
2021/01/02 19:56:00 main.go:22: localhost:8000 - GET - /api/v1/events?module=events - [::1]:64690
2021/01/02 19:56:00 main.go:22: localhost:8000 - GET - /api/v1/events?module=achievements - [::1]:64690
2021/01/02 19:56:00 main.go:22: localhost:8000 - GET - /api/v1/notifications?module=videos - [::1]:64690
2021/01/02 19:56:00 main.go:22: localhost:8000 - GET - /api/v1/notifications?module=banner - [::1]:64690
2021/01/02 19:56:01 main.go:22: localhost:8000 - GET - /api/v1/notifications?module=notification - [::1]:64690
2021/01/02 19:56:01 main.go:22: localhost:8000 - GET - /api/v1/events?module=principal - [::1]:64690
2021/01/02 19:56:01 main.go:22: localhost:8000 - GET - /api/v1/students?module=12 - [::1]:64690
2021/01/02 19:56:01 main.go:22: localhost:8000 - GET - /api/v1/students?module=10 - [::1]:64690
2021/01/02 19:56:53 main.go:22: localhost:8000 - GET - /api/v1/events?module=events - [::1]:64728
2021/01/02 19:56:53 main.go:22: localhost:8000 - GET - /api/v1/students?module=10 - [::1]:64728
2021/01/02 19:56:53 main.go:22: localhost:8000 - GET - /api/v1/notifications?module=notification - [::1]:64728
2021/01/02 19:56:53 main.go:22: localhost:8000 - GET - /api/v1/events?module=principal - [::1]:64728
2021/01/02 19:56:53 main.go:22: localhost:8000 - GET - /api/v1/students?module=12 - [::1]:64728
2021/01/02 19:56:53 main.go:22: localhost:8000 - GET - /api/v1/events?module=achievements - [::1]:64728
2021/01/02 19:56:53 main.go:22: localhost:8000 - GET - /api/v1/notifications?module=videos - [::1]:64728
2021/01/02 19:56:53 main.go:22: localhost:8000 - GET - /api/v1/notifications?module=banner - [::1]:64728
